<?xml version="1.0" encoding="UTF-8"?>
<!-- Generated by org.testng.reporters.JUnitXMLReporter -->
<testsuite hostname="DESKTOP-3ND57S0" ignored="1" name="TestCases" tests="12" failures="1" timestamp="07 Oct 2018 19:47:25 GMT" time="238.697" errors="0">
  <testcase name="homePageTitleTest" time="1.187" classname="TestCaseTests.TestCases"/>
  <testcase name="VerifyCostinTwoPages" time="1.485" classname="TestCaseTests.TestCases"/>
  <testcase name="ErrorVerificationTest" time="2.86" classname="TestCaseTests.TestCases"/>
  <testcase name="VerifycompareProducts" time="8.442" classname="TestCaseTests.TestCases"/>
  <testcase name="AccountCreationTest" time="23.25" classname="TestCaseTests.TestCases">
    <skipped/>
  </testcase> <!-- AccountCreationTest -->
  <testcase name="AccountCreationTest" time="23.004" classname="TestCaseTests.TestCases">
    <skipped/>
  </testcase> <!-- AccountCreationTest -->
  <testcase name="AccountCreationTest" time="22.979" classname="TestCaseTests.TestCases">
    <skipped/>
  </testcase> <!-- AccountCreationTest -->
  <testcase name="AccountCreationTest" time="23.267" classname="TestCaseTests.TestCases">
    <failure type="org.openqa.selenium.NoSuchElementException" message="Unable to locate element: //button[@title=&amp;apos;Share Wishlist&amp;apos;]
For documentation on this error, please visit: http://seleniumhq.org/exceptions/no_such_element.html
Build info: version: &amp;apos;3.14.0&amp;apos;, revision: &amp;apos;aacccce0&amp;apos;, time: &amp;apos;2018-08-02T20:19:58.91Z&amp;apos;
System info: host: &amp;apos;DESKTOP-3ND57S0&amp;apos;, ip: &amp;apos;192.168.1.193&amp;apos;, os.name: &amp;apos;Windows 10&amp;apos;, os.arch: &amp;apos;amd64&amp;apos;, os.version: &amp;apos;10.0&amp;apos;, java.version: &amp;apos;1.8.0_181&amp;apos;
Driver info: org.openqa.selenium.firefox.FirefoxDriver
Capabilities {acceptInsecureCerts: true, browserName: firefox, browserVersion: 62.0.3, javascriptEnabled: true, moz:accessibilityChecks: false, moz:headless: false, moz:processID: 15024, moz:profile: C:\Users\Murali\AppData\Loc..., moz:useNonSpecCompliantPointerOrigin: false, moz:webdriverClick: true, pageLoadStrategy: normal, platform: XP, platformName: XP, platformVersion: 10.0, rotatable: false, timeouts: {implicit: 0, pageLoad: 300000, script: 30000}}
Session ID: 23d4710d-750e-4921-8901-c07674d281e0
*** Element info: {Using=xpath, value=//button[@title=&amp;apos;Share Wishlist&amp;apos;]}">
      <![CDATA[org.openqa.selenium.NoSuchElementException: Unable to locate element: //button[@title='Share Wishlist']
For documentation on this error, please visit: http://seleniumhq.org/exceptions/no_such_element.html
Build info: version: '3.14.0', revision: 'aacccce0', time: '2018-08-02T20:19:58.91Z'
System info: host: 'DESKTOP-3ND57S0', ip: '192.168.1.193', os.name: 'Windows 10', os.arch: 'amd64', os.version: '10.0', java.version: '1.8.0_181'
Driver info: org.openqa.selenium.firefox.FirefoxDriver
Capabilities {acceptInsecureCerts: true, browserName: firefox, browserVersion: 62.0.3, javascriptEnabled: true, moz:accessibilityChecks: false, moz:headless: false, moz:processID: 15024, moz:profile: C:\Users\Murali\AppData\Loc..., moz:useNonSpecCompliantPointerOrigin: false, moz:webdriverClick: true, pageLoadStrategy: normal, platform: XP, platformName: XP, platformVersion: 10.0, rotatable: false, timeouts: {implicit: 0, pageLoad: 300000, script: 30000}}
Session ID: 23d4710d-750e-4921-8901-c07674d281e0
*** Element info: {Using=xpath, value=//button[@title='Share Wishlist']}
	at org.openqa.selenium.remote.http.W3CHttpResponseCodec.createException(W3CHttpResponseCodec.java:187)
	at org.openqa.selenium.remote.http.W3CHttpResponseCodec.decode(W3CHttpResponseCodec.java:122)
	at org.openqa.selenium.remote.http.W3CHttpResponseCodec.decode(W3CHttpResponseCodec.java:49)
	at org.openqa.selenium.remote.HttpCommandExecutor.execute(HttpCommandExecutor.java:158)
	at org.openqa.selenium.remote.service.DriverCommandExecutor.execute(DriverCommandExecutor.java:83)
	at org.openqa.selenium.remote.RemoteWebDriver.execute(RemoteWebDriver.java:548)
	at org.openqa.selenium.remote.RemoteWebDriver.findElement(RemoteWebDriver.java:322)
	at org.openqa.selenium.remote.RemoteWebDriver.findElementByXPath(RemoteWebDriver.java:424)
	at org.openqa.selenium.By$ByXPath.findElement(By.java:353)
	at org.openqa.selenium.remote.RemoteWebDriver.findElement(RemoteWebDriver.java:314)
	at org.openqa.selenium.support.events.EventFiringWebDriver.lambda$new$1(EventFiringWebDriver.java:105)
	at com.sun.proxy.$Proxy10.findElement(Unknown Source)
	at org.openqa.selenium.support.events.EventFiringWebDriver.findElement(EventFiringWebDriver.java:194)
	at org.openqa.selenium.support.pagefactory.DefaultElementLocator.findElement(DefaultElementLocator.java:69)
	at org.openqa.selenium.support.pagefactory.internal.LocatingElementHandler.invoke(LocatingElementHandler.java:38)
	at com.sun.proxy.$Proxy14.click(Unknown Source)
	at webPages.MyWishListPage.ClickShareWishListBtn(MyWishListPage.java:37)
	at TestCaseTests.TestCases.AccountCreationTest(TestCases.java:202)
... Removed 32 stack frames]]>
    </failure>
  </testcase> <!-- AccountCreationTest -->
  <testcase name="PurchaseProduct" time="9.716" classname="TestCaseTests.TestCases"/>
  <testcase name="PDFFile" time="9.055" classname="TestCaseTests.TestCases"/>
  <testcase name="ReOrder" time="6.839" classname="TestCaseTests.TestCases"/>
  <testcase name="VerifyGrandTotalDiscountCoupon" time="1.902" classname="TestCaseTests.TestCases"/>
  <testcase name="Verify_Search_Functionality" time="0.0" classname="TestCaseTests.TestCases">
    <ignored/>
  </testcase> <!-- Verify_Search_Functionality -->
</testsuite> <!-- TestCases -->
