<!DOCTYPE html PUBLIC "-//W3C//DTD XHTML 1.1//EN" "http://www.w3.org/TR/xhtml11/DTD/xhtml11.dtd">
<html xmlns="http://www.w3.org/1999/xhtml"><head><title>TestNG Report</title><style type="text/css">table {margin-bottom:10px;border-collapse:collapse;empty-cells:show}th,td {border:1px solid #009;padding:.25em .5em}th {vertical-align:bottom}td {vertical-align:top}table a {font-weight:bold}.stripe td {background-color: #E6EBF9}.num {text-align:right}.passedodd td {background-color: #3F3}.passedeven td {background-color: #0A0}.skippedodd td {background-color: #DDD}.skippedeven td {background-color: #CCC}.failedodd td,.attn {background-color: #F33}.failedeven td,.stripe .attn {background-color: #D00}.stacktrace {white-space:pre;font-family:monospace}.totop {font-size:85%;text-align:center;border-bottom:2px solid #000}</style></head><body><table><tr><th>Test</th><th># Passed</th><th># Skipped</th><th># Failed</th><th>Time (ms)</th><th>Included Groups</th><th>Excluded Groups</th></tr><tr><th colspan="7">Test Automation Test Suite</th></tr><tr><td><a href="#t0">TestCases</a></td><td class="num">8</td><td class="num attn">3</td><td class="num attn">1</td><td class="num">238,697</td><td></td><td></td></tr><tr class="stripe"><td><a href="#t1">BackendTestCasess</a></td><td class="num">4</td><td class="num attn">1</td><td class="num">0</td><td class="num">66,985</td><td></td><td></td></tr><tr><th>Total</th><th class="num">12</th><th class="num attn">4</th><th class="num attn">1</th><th class="num">305,682</th><th colspan="2"></th></tr></table><table id='summary'><thead><tr><th>Class</th><th>Method</th><th>Start</th><th>Time (ms)</th></tr></thead><tbody><tr><th colspan="4">Test Automation Test Suite</th></tr></tbody><tbody id="t0"><tr><th colspan="4">TestCases &#8212; failed</th></tr><tr class="failedeven"><td rowspan="1">TestCaseTests.TestCases</td><td><a href="#m0">AccountCreationTest</a></td><td rowspan="1">1538941559712</td><td rowspan="1">23267</td></tr><tr><th colspan="4">TestCases &#8212; skipped</th></tr><tr class="skippedeven"><td rowspan="3">TestCaseTests.TestCases</td><td><a href="#m1">AccountCreationTest</a></td><td rowspan="3">1538941496795</td><td rowspan="3">23004</td></tr><tr class="skippedeven"><td><a href="#m2">AccountCreationTest</a></td></tr><tr class="skippedeven"><td><a href="#m3">AccountCreationTest</a></td></tr><tr><th colspan="4">TestCases &#8212; passed</th></tr><tr class="passedeven"><td rowspan="8">TestCaseTests.TestCases</td><td><a href="#m4">ErrorVerificationTest</a></td><td rowspan="1">1538941436453</td><td rowspan="1">2860</td></tr><tr class="passedeven"><td><a href="#m5">PDFFile</a></td><td rowspan="1">1538941609669</td><td rowspan="1">9055</td></tr><tr class="passedeven"><td><a href="#m6">PurchaseProduct</a></td><td rowspan="1">1538941591480</td><td rowspan="1">9716</td></tr><tr class="passedeven"><td><a href="#m7">ReOrder</a></td><td rowspan="1">1538941627232</td><td rowspan="1">6839</td></tr><tr class="passedeven"><td><a href="#m8">VerifyCostinTwoPages</a></td><td rowspan="1">1538941426223</td><td rowspan="1">1485</td></tr><tr class="passedeven"><td><a href="#m9">VerifyGrandTotalDiscountCoupon</a></td><td rowspan="1">1538941642575</td><td rowspan="1">1902</td></tr><tr class="passedeven"><td><a href="#m10">VerifycompareProducts</a></td><td rowspan="1">1538941447805</td><td rowspan="1">8442</td></tr><tr class="passedeven"><td><a href="#m11">homePageTitleTest</a></td><td rowspan="1">1538941416517</td><td rowspan="1">1187</td></tr></tbody><tbody id="t1"><tr><th colspan="4">BackendTestCasess &#8212; skipped</th></tr><tr class="skippedeven"><td rowspan="1">TestCaseTests.BackendTestCases</td><td><a href="#m12">Verify_DisabledFields</a></td><td rowspan="1">1538941699319</td><td rowspan="1">1502</td></tr><tr><th colspan="4">BackendTestCasess &#8212; passed</th></tr><tr class="passedeven"><td rowspan="4">TestCaseTests.BackendTestCases</td><td><a href="#m13">Email_Report</a></td><td rowspan="1">1538941652540</td><td rowspan="1">9187</td></tr><tr class="passedeven"><td><a href="#m14">Print_Invoices</a></td><td rowspan="1">1538941670200</td><td rowspan="1">10252</td></tr><tr class="passedeven"><td><a href="#m15">Sort_Functionality</a></td><td rowspan="1">1538941688954</td><td rowspan="1">2241</td></tr><tr class="passedeven"><td><a href="#m16">Verify_DisabledFields</a></td><td rowspan="1">1538941708989</td><td rowspan="1">2719</td></tr></tbody></table><h2>TestCases</h2><h3 id="m0">TestCaseTests.TestCases#AccountCreationTest</h3><table class="result"><tr class="param"><th>Parameter #1</th><th>Parameter #2</th><th>Parameter #3</th><th>Parameter #4</th><th>Parameter #5</th><th>Parameter #6</th></tr><tr class="param stripe"><td>ddd</td><td>a</td><td>eee</td><td>ddd.eee@yahoo.com</td><td>murlee75</td><td>murlee75</td></tr><tr><th colspan="6">Messages</th></tr><tr><td colspan="6"><div class="messages"><br><img src=C:\seleniumProject\ecommerceheight-'400' width-'400'/><br></div></td></tr><tr><th colspan="6">Exception</th></tr><tr><td colspan="6"><div class="stacktrace">org.openqa.selenium.NoSuchElementException: Unable to locate element: //button[@title=&apos;Share Wishlist&apos;]
For documentation on this error, please visit: http://seleniumhq.org/exceptions/no_such_element.html
Build info: version: &apos;3.14.0&apos;, revision: &apos;aacccce0&apos;, time: &apos;2018-08-02T20:19:58.91Z&apos;
System info: host: &apos;DESKTOP-3ND57S0&apos;, ip: &apos;192.168.1.193&apos;, os.name: &apos;Windows 10&apos;, os.arch: &apos;amd64&apos;, os.version: &apos;10.0&apos;, java.version: &apos;1.8.0_181&apos;
Driver info: org.openqa.selenium.firefox.FirefoxDriver
Capabilities {acceptInsecureCerts: true, browserName: firefox, browserVersion: 62.0.3, javascriptEnabled: true, moz:accessibilityChecks: false, moz:headless: false, moz:processID: 15024, moz:profile: C:\Users\Murali\AppData\Loc..., moz:useNonSpecCompliantPointerOrigin: false, moz:webdriverClick: true, pageLoadStrategy: normal, platform: XP, platformName: XP, platformVersion: 10.0, rotatable: false, timeouts: {implicit: 0, pageLoad: 300000, script: 30000}}
Session ID: 23d4710d-750e-4921-8901-c07674d281e0
*** Element info: {Using=xpath, value=//button[@title=&apos;Share Wishlist&apos;]}
	at org.openqa.selenium.remote.http.W3CHttpResponseCodec.createException(W3CHttpResponseCodec.java:187)
	at org.openqa.selenium.remote.http.W3CHttpResponseCodec.decode(W3CHttpResponseCodec.java:122)
	at org.openqa.selenium.remote.http.W3CHttpResponseCodec.decode(W3CHttpResponseCodec.java:49)
	at org.openqa.selenium.remote.HttpCommandExecutor.execute(HttpCommandExecutor.java:158)
	at org.openqa.selenium.remote.service.DriverCommandExecutor.execute(DriverCommandExecutor.java:83)
	at org.openqa.selenium.remote.RemoteWebDriver.execute(RemoteWebDriver.java:548)
	at org.openqa.selenium.remote.RemoteWebDriver.findElement(RemoteWebDriver.java:322)
	at org.openqa.selenium.remote.RemoteWebDriver.findElementByXPath(RemoteWebDriver.java:424)
	at org.openqa.selenium.By$ByXPath.findElement(By.java:353)
	at org.openqa.selenium.remote.RemoteWebDriver.findElement(RemoteWebDriver.java:314)
	at org.openqa.selenium.support.events.EventFiringWebDriver.lambda$new$1(EventFiringWebDriver.java:105)
	at com.sun.proxy.$Proxy10.findElement(Unknown Source)
	at org.openqa.selenium.support.events.EventFiringWebDriver.findElement(EventFiringWebDriver.java:194)
	at org.openqa.selenium.support.pagefactory.DefaultElementLocator.findElement(DefaultElementLocator.java:69)
	at org.openqa.selenium.support.pagefactory.internal.LocatingElementHandler.invoke(LocatingElementHandler.java:38)
	at com.sun.proxy.$Proxy14.click(Unknown Source)
	at webPages.MyWishListPage.ClickShareWishListBtn(MyWishListPage.java:37)
	at TestCaseTests.TestCases.AccountCreationTest(TestCases.java:202)
... Removed 32 stack frames</div></td></tr></table><p class="totop"><a href="#summary">back to summary</a></p><h3 id="m1">TestCaseTests.TestCases#AccountCreationTest</h3><table class="result"><tr class="param"><th>Parameter #1</th><th>Parameter #2</th><th>Parameter #3</th><th>Parameter #4</th><th>Parameter #5</th><th>Parameter #6</th></tr><tr class="param stripe"><td>ddd</td><td>a</td><td>eee</td><td>ddd.eee@yahoo.com</td><td>murlee75</td><td>murlee75</td></tr><tr><th colspan="6">Messages</th></tr><tr><td colspan="6"><div class="messages"><br><img src=C:\seleniumProject\ecommerceheight-'400' width-'400'/><br></div></td></tr><tr><th colspan="6">Exception</th></tr><tr><td colspan="6"><div class="stacktrace">org.openqa.selenium.NoSuchElementException: Unable to locate element: //button[@title=&apos;Share Wishlist&apos;]
For documentation on this error, please visit: http://seleniumhq.org/exceptions/no_such_element.html
Build info: version: &apos;3.14.0&apos;, revision: &apos;aacccce0&apos;, time: &apos;2018-08-02T20:19:58.91Z&apos;
System info: host: &apos;DESKTOP-3ND57S0&apos;, ip: &apos;192.168.1.193&apos;, os.name: &apos;Windows 10&apos;, os.arch: &apos;amd64&apos;, os.version: &apos;10.0&apos;, java.version: &apos;1.8.0_181&apos;
Driver info: org.openqa.selenium.firefox.FirefoxDriver
Capabilities {acceptInsecureCerts: true, browserName: firefox, browserVersion: 62.0.3, javascriptEnabled: true, moz:accessibilityChecks: false, moz:headless: false, moz:processID: 18116, moz:profile: C:\Users\Murali\AppData\Loc..., moz:useNonSpecCompliantPointerOrigin: false, moz:webdriverClick: true, pageLoadStrategy: normal, platform: XP, platformName: XP, platformVersion: 10.0, rotatable: false, timeouts: {implicit: 0, pageLoad: 300000, script: 30000}}
Session ID: c131fa3c-0e02-4ad7-814f-2b99cbb27b81
*** Element info: {Using=xpath, value=//button[@title=&apos;Share Wishlist&apos;]}
	at org.openqa.selenium.remote.http.W3CHttpResponseCodec.createException(W3CHttpResponseCodec.java:187)
	at org.openqa.selenium.remote.http.W3CHttpResponseCodec.decode(W3CHttpResponseCodec.java:122)
	at org.openqa.selenium.remote.http.W3CHttpResponseCodec.decode(W3CHttpResponseCodec.java:49)
	at org.openqa.selenium.remote.HttpCommandExecutor.execute(HttpCommandExecutor.java:158)
	at org.openqa.selenium.remote.service.DriverCommandExecutor.execute(DriverCommandExecutor.java:83)
	at org.openqa.selenium.remote.RemoteWebDriver.execute(RemoteWebDriver.java:548)
	at org.openqa.selenium.remote.RemoteWebDriver.findElement(RemoteWebDriver.java:322)
	at org.openqa.selenium.remote.RemoteWebDriver.findElementByXPath(RemoteWebDriver.java:424)
	at org.openqa.selenium.By$ByXPath.findElement(By.java:353)
	at org.openqa.selenium.remote.RemoteWebDriver.findElement(RemoteWebDriver.java:314)
	at org.openqa.selenium.support.events.EventFiringWebDriver.lambda$new$1(EventFiringWebDriver.java:105)
	at com.sun.proxy.$Proxy10.findElement(Unknown Source)
	at org.openqa.selenium.support.events.EventFiringWebDriver.findElement(EventFiringWebDriver.java:194)
	at org.openqa.selenium.support.pagefactory.DefaultElementLocator.findElement(DefaultElementLocator.java:69)
	at org.openqa.selenium.support.pagefactory.internal.LocatingElementHandler.invoke(LocatingElementHandler.java:38)
	at com.sun.proxy.$Proxy14.click(Unknown Source)
	at webPages.MyWishListPage.ClickShareWishListBtn(MyWishListPage.java:37)
	at TestCaseTests.TestCases.AccountCreationTest(TestCases.java:202)
... Removed 32 stack frames</div></td></tr></table><p class="totop"><a href="#summary">back to summary</a></p><h3 id="m2">TestCaseTests.TestCases#AccountCreationTest</h3><table class="result"><tr class="param"><th>Parameter #1</th><th>Parameter #2</th><th>Parameter #3</th><th>Parameter #4</th><th>Parameter #5</th><th>Parameter #6</th></tr><tr class="param stripe"><td>ddd</td><td>a</td><td>eee</td><td>ddd.eee@yahoo.com</td><td>murlee75</td><td>murlee75</td></tr><tr><th colspan="6">Messages</th></tr><tr><td colspan="6"><div class="messages"><br><img src=C:\seleniumProject\ecommerceheight-'400' width-'400'/><br></div></td></tr><tr><th colspan="6">Exception</th></tr><tr><td colspan="6"><div class="stacktrace">org.openqa.selenium.NoSuchElementException: Unable to locate element: //button[@title=&apos;Share Wishlist&apos;]
For documentation on this error, please visit: http://seleniumhq.org/exceptions/no_such_element.html
Build info: version: &apos;3.14.0&apos;, revision: &apos;aacccce0&apos;, time: &apos;2018-08-02T20:19:58.91Z&apos;
System info: host: &apos;DESKTOP-3ND57S0&apos;, ip: &apos;192.168.1.193&apos;, os.name: &apos;Windows 10&apos;, os.arch: &apos;amd64&apos;, os.version: &apos;10.0&apos;, java.version: &apos;1.8.0_181&apos;
Driver info: org.openqa.selenium.firefox.FirefoxDriver
Capabilities {acceptInsecureCerts: true, browserName: firefox, browserVersion: 62.0.3, javascriptEnabled: true, moz:accessibilityChecks: false, moz:headless: false, moz:processID: 18468, moz:profile: C:\Users\Murali\AppData\Loc..., moz:useNonSpecCompliantPointerOrigin: false, moz:webdriverClick: true, pageLoadStrategy: normal, platform: XP, platformName: XP, platformVersion: 10.0, rotatable: false, timeouts: {implicit: 0, pageLoad: 300000, script: 30000}}
Session ID: 9a582c45-458d-472a-b62d-2d22baa2e8c1
*** Element info: {Using=xpath, value=//button[@title=&apos;Share Wishlist&apos;]}
	at org.openqa.selenium.remote.http.W3CHttpResponseCodec.createException(W3CHttpResponseCodec.java:187)
	at org.openqa.selenium.remote.http.W3CHttpResponseCodec.decode(W3CHttpResponseCodec.java:122)
	at org.openqa.selenium.remote.http.W3CHttpResponseCodec.decode(W3CHttpResponseCodec.java:49)
	at org.openqa.selenium.remote.HttpCommandExecutor.execute(HttpCommandExecutor.java:158)
	at org.openqa.selenium.remote.service.DriverCommandExecutor.execute(DriverCommandExecutor.java:83)
	at org.openqa.selenium.remote.RemoteWebDriver.execute(RemoteWebDriver.java:548)
	at org.openqa.selenium.remote.RemoteWebDriver.findElement(RemoteWebDriver.java:322)
	at org.openqa.selenium.remote.RemoteWebDriver.findElementByXPath(RemoteWebDriver.java:424)
	at org.openqa.selenium.By$ByXPath.findElement(By.java:353)
	at org.openqa.selenium.remote.RemoteWebDriver.findElement(RemoteWebDriver.java:314)
	at org.openqa.selenium.support.events.EventFiringWebDriver.lambda$new$1(EventFiringWebDriver.java:105)
	at com.sun.proxy.$Proxy10.findElement(Unknown Source)
	at org.openqa.selenium.support.events.EventFiringWebDriver.findElement(EventFiringWebDriver.java:194)
	at org.openqa.selenium.support.pagefactory.DefaultElementLocator.findElement(DefaultElementLocator.java:69)
	at org.openqa.selenium.support.pagefactory.internal.LocatingElementHandler.invoke(LocatingElementHandler.java:38)
	at com.sun.proxy.$Proxy14.click(Unknown Source)
	at webPages.MyWishListPage.ClickShareWishListBtn(MyWishListPage.java:37)
	at TestCaseTests.TestCases.AccountCreationTest(TestCases.java:202)
... Removed 32 stack frames</div></td></tr></table><p class="totop"><a href="#summary">back to summary</a></p><h3 id="m3">TestCaseTests.TestCases#AccountCreationTest</h3><table class="result"><tr class="param"><th>Parameter #1</th><th>Parameter #2</th><th>Parameter #3</th><th>Parameter #4</th><th>Parameter #5</th><th>Parameter #6</th></tr><tr class="param stripe"><td>ddd</td><td>a</td><td>eee</td><td>ddd.eee@yahoo.com</td><td>murlee75</td><td>murlee75</td></tr><tr><th colspan="6">Messages</th></tr><tr><td colspan="6"><div class="messages"><br><img src=C:\seleniumProject\ecommerceheight-'400' width-'400'/><br></div></td></tr><tr><th colspan="6">Exception</th></tr><tr><td colspan="6"><div class="stacktrace">org.openqa.selenium.NoSuchElementException: Unable to locate element: //button[@title=&apos;Share Wishlist&apos;]
For documentation on this error, please visit: http://seleniumhq.org/exceptions/no_such_element.html
Build info: version: &apos;3.14.0&apos;, revision: &apos;aacccce0&apos;, time: &apos;2018-08-02T20:19:58.91Z&apos;
System info: host: &apos;DESKTOP-3ND57S0&apos;, ip: &apos;192.168.1.193&apos;, os.name: &apos;Windows 10&apos;, os.arch: &apos;amd64&apos;, os.version: &apos;10.0&apos;, java.version: &apos;1.8.0_181&apos;
Driver info: org.openqa.selenium.firefox.FirefoxDriver
Capabilities {acceptInsecureCerts: true, browserName: firefox, browserVersion: 62.0.3, javascriptEnabled: true, moz:accessibilityChecks: false, moz:headless: false, moz:processID: 16192, moz:profile: C:\Users\Murali\AppData\Loc..., moz:useNonSpecCompliantPointerOrigin: false, moz:webdriverClick: true, pageLoadStrategy: normal, platform: XP, platformName: XP, platformVersion: 10.0, rotatable: false, timeouts: {implicit: 0, pageLoad: 300000, script: 30000}}
Session ID: 4ff2d2ac-825e-4b75-ab45-310363c7fae6
*** Element info: {Using=xpath, value=//button[@title=&apos;Share Wishlist&apos;]}
	at org.openqa.selenium.remote.http.W3CHttpResponseCodec.createException(W3CHttpResponseCodec.java:187)
	at org.openqa.selenium.remote.http.W3CHttpResponseCodec.decode(W3CHttpResponseCodec.java:122)
	at org.openqa.selenium.remote.http.W3CHttpResponseCodec.decode(W3CHttpResponseCodec.java:49)
	at org.openqa.selenium.remote.HttpCommandExecutor.execute(HttpCommandExecutor.java:158)
	at org.openqa.selenium.remote.service.DriverCommandExecutor.execute(DriverCommandExecutor.java:83)
	at org.openqa.selenium.remote.RemoteWebDriver.execute(RemoteWebDriver.java:548)
	at org.openqa.selenium.remote.RemoteWebDriver.findElement(RemoteWebDriver.java:322)
	at org.openqa.selenium.remote.RemoteWebDriver.findElementByXPath(RemoteWebDriver.java:424)
	at org.openqa.selenium.By$ByXPath.findElement(By.java:353)
	at org.openqa.selenium.remote.RemoteWebDriver.findElement(RemoteWebDriver.java:314)
	at org.openqa.selenium.support.events.EventFiringWebDriver.lambda$new$1(EventFiringWebDriver.java:105)
	at com.sun.proxy.$Proxy10.findElement(Unknown Source)
	at org.openqa.selenium.support.events.EventFiringWebDriver.findElement(EventFiringWebDriver.java:194)
	at org.openqa.selenium.support.pagefactory.DefaultElementLocator.findElement(DefaultElementLocator.java:69)
	at org.openqa.selenium.support.pagefactory.internal.LocatingElementHandler.invoke(LocatingElementHandler.java:38)
	at com.sun.proxy.$Proxy14.click(Unknown Source)
	at webPages.MyWishListPage.ClickShareWishListBtn(MyWishListPage.java:37)
	at TestCaseTests.TestCases.AccountCreationTest(TestCases.java:202)
... Removed 32 stack frames</div></td></tr></table><p class="totop"><a href="#summary">back to summary</a></p><h3 id="m4">TestCaseTests.TestCases#ErrorVerificationTest</h3><table class="result"></table><p class="totop"><a href="#summary">back to summary</a></p><h3 id="m5">TestCaseTests.TestCases#PDFFile</h3><table class="result"><tr><th>Messages</th></tr><tr><td><div class="messages"><br><img src=C:\seleniumProject\ecommerceheight-'400' width-'400'/><br><br/><br><img src=C:\seleniumProject\ecommerceheight-'400' width-'400'/><br></div></td></tr></table><p class="totop"><a href="#summary">back to summary</a></p><h3 id="m6">TestCaseTests.TestCases#PurchaseProduct</h3><table class="result"></table><p class="totop"><a href="#summary">back to summary</a></p><h3 id="m7">TestCaseTests.TestCases#ReOrder</h3><table class="result"></table><p class="totop"><a href="#summary">back to summary</a></p><h3 id="m8">TestCaseTests.TestCases#VerifyCostinTwoPages</h3><table class="result"></table><p class="totop"><a href="#summary">back to summary</a></p><h3 id="m9">TestCaseTests.TestCases#VerifyGrandTotalDiscountCoupon</h3><table class="result"></table><p class="totop"><a href="#summary">back to summary</a></p><h3 id="m10">TestCaseTests.TestCases#VerifycompareProducts</h3><table class="result"><tr><th>Messages</th></tr><tr><td><div class="messages"><br><img src=C:\seleniumProject\ecommerceheight-'400' width-'400'/><br><br/><br><img src=C:\seleniumProject\ecommerceheight-'400' width-'400'/><br></div></td></tr></table><p class="totop"><a href="#summary">back to summary</a></p><h3 id="m11">TestCaseTests.TestCases#homePageTitleTest</h3><table class="result"></table><p class="totop"><a href="#summary">back to summary</a></p><h2>BackendTestCasess</h2><h3 id="m12">TestCaseTests.BackendTestCases#Verify_DisabledFields</h3><table class="result"><tr><th>Messages</th></tr><tr><td><div class="messages"><br><img src=C:\seleniumProject\ecommerceheight-'400' width-'400'/><br></div></td></tr><tr><th>Exception</th></tr><tr><td><div class="stacktrace">org.openqa.selenium.ElementNotInteractableException: Element &lt;span&gt; could not be scrolled into view
Build info: version: &apos;3.14.0&apos;, revision: &apos;aacccce0&apos;, time: &apos;2018-08-02T20:19:58.91Z&apos;
System info: host: &apos;DESKTOP-3ND57S0&apos;, ip: &apos;192.168.1.193&apos;, os.name: &apos;Windows 10&apos;, os.arch: &apos;amd64&apos;, os.version: &apos;10.0&apos;, java.version: &apos;1.8.0_181&apos;
Driver info: org.openqa.selenium.firefox.FirefoxDriver
Capabilities {acceptInsecureCerts: true, browserName: firefox, browserVersion: 62.0.3, javascriptEnabled: true, moz:accessibilityChecks: false, moz:headless: false, moz:processID: 7688, moz:profile: C:\Users\Murali\AppData\Loc..., moz:useNonSpecCompliantPointerOrigin: false, moz:webdriverClick: true, pageLoadStrategy: normal, platform: XP, platformName: XP, platformVersion: 10.0, rotatable: false, timeouts: {implicit: 0, pageLoad: 300000, script: 30000}}
Session ID: bb7055bc-9da1-48b0-828a-22352a2fceef
	at org.openqa.selenium.remote.http.W3CHttpResponseCodec.createException(W3CHttpResponseCodec.java:187)
	at org.openqa.selenium.remote.http.W3CHttpResponseCodec.decode(W3CHttpResponseCodec.java:122)
	at org.openqa.selenium.remote.http.W3CHttpResponseCodec.decode(W3CHttpResponseCodec.java:49)
	at org.openqa.selenium.remote.HttpCommandExecutor.execute(HttpCommandExecutor.java:158)
	at org.openqa.selenium.remote.service.DriverCommandExecutor.execute(DriverCommandExecutor.java:83)
	at org.openqa.selenium.remote.RemoteWebDriver.execute(RemoteWebDriver.java:548)
	at org.openqa.selenium.remote.RemoteWebElement.execute(RemoteWebElement.java:276)
	at org.openqa.selenium.remote.RemoteWebElement.click(RemoteWebElement.java:83)
	at org.openqa.selenium.support.events.EventFiringWebDriver$EventFiringWebElement.lambda$new$0(EventFiringWebDriver.java:403)
	at com.sun.proxy.$Proxy15.click(Unknown Source)
	at org.openqa.selenium.support.events.EventFiringWebDriver$EventFiringWebElement.click(EventFiringWebDriver.java:416)
	at webPages.ManageCustomerPage.Perform_Actions_Click_CustomersTab(ManageCustomerPage.java:83)
	at TestCaseTests.BackendTestCases.Verify_DisabledFields(BackendTestCases.java:145)
... Removed 32 stack frames</div></td></tr></table><p class="totop"><a href="#summary">back to summary</a></p><h3 id="m13">TestCaseTests.BackendTestCases#Email_Report</h3><table class="result"></table><p class="totop"><a href="#summary">back to summary</a></p><h3 id="m14">TestCaseTests.BackendTestCases#Print_Invoices</h3><table class="result"></table><p class="totop"><a href="#summary">back to summary</a></p><h3 id="m15">TestCaseTests.BackendTestCases#Sort_Functionality</h3><table class="result"><tr><th>Messages</th></tr><tr><td><div class="messages"><br><img src=C:\seleniumProject\ecommerceheight-'400' width-'400'/><br><br/><br><img src=C:\seleniumProject\ecommerceheight-'400' width-'400'/><br></div></td></tr></table><p class="totop"><a href="#summary">back to summary</a></p><h3 id="m16">TestCaseTests.BackendTestCases#Verify_DisabledFields</h3><table class="result"></table><p class="totop"><a href="#summary">back to summary</a></p></body></html>