<!DOCTYPE html>

<html>
  <head>
  <meta charset='utf-8'>
  <title>TestNG reports</title>

    <link type="text/css" href="testng-reports.css" rel="stylesheet" />
    <script type="text/javascript" src="jquery-1.7.1.min.js"></script>
    <script type="text/javascript" src="testng-reports.js"></script>
    <script type="text/javascript" src="https://www.google.com/jsapi"></script>
    <script type='text/javascript'>
      google.load('visualization', '1', {packages:['table']});
      google.setOnLoadCallback(drawTable);
      var suiteTableInitFunctions = new Array();
      var suiteTableData = new Array();
    </script>
    <!--
      <script type="text/javascript" src="jquery-ui/js/jquery-ui-1.8.16.custom.min.js"></script>
     -->
  </head>

  <body>
    <div class="top-banner-root">
      <span class="top-banner-title-font">Test results</span>
      <br/>
      <span class="top-banner-font-1">1 suite, 1 failed test</span>
    </div> <!-- top-banner-root -->
    <div class="navigator-root">
      <div class="navigator-suite-header">
        <span>All suites</span>
        <a href="#" class="collapse-all-link" title="Collapse/expand all the suites">
          <img class="collapse-all-icon" src="collapseall.gif">
          </img> <!-- collapse-all-icon -->
        </a> <!-- collapse-all-link -->
      </div> <!-- navigator-suite-header -->
      <div class="suite">
        <div class="rounded-window">
          <div class="suite-header light-rounded-window-top">
            <a href="#" class="navigator-link" panel-name="suite-Test_Automation_Test_Suite">
              <span class="suite-name border-failed">Test Automation Test Suite</span>
            </a> <!-- navigator-link -->
          </div> <!-- suite-header light-rounded-window-top -->
          <div class="navigator-suite-content">
            <div class="suite-section-title">
              <span>Info</span>
            </div> <!-- suite-section-title -->
            <div class="suite-section-content">
              <ul>
                <li>
                  <a href="#" class="navigator-link " panel-name="test-xml-Test_Automation_Test_Suite">
                    <span>C:\seleniumProject\ecommerce\Testng.xml</span>
                  </a> <!-- navigator-link  -->
                </li>
                <li>
                  <a href="#" class="navigator-link " panel-name="testlist-Test_Automation_Test_Suite">
                    <span class="test-stats">2 tests</span>
                  </a> <!-- navigator-link  -->
                </li>
                <li>
                  <a href="#" class="navigator-link " panel-name="group-Test_Automation_Test_Suite">
                    <span>0 groups</span>
                  </a> <!-- navigator-link  -->
                </li>
                <li>
                  <a href="#" class="navigator-link " panel-name="times-Test_Automation_Test_Suite">
                    <span>Times</span>
                  </a> <!-- navigator-link  -->
                </li>
                <li>
                  <a href="#" class="navigator-link " panel-name="reporter-Test_Automation_Test_Suite">
                    <span>Reporter output</span>
                  </a> <!-- navigator-link  -->
                </li>
                <li>
                  <a href="#" class="navigator-link " panel-name="ignored-methods-Test_Automation_Test_Suite">
                    <span>Ignored methods</span>
                  </a> <!-- navigator-link  -->
                </li>
                <li>
                  <a href="#" class="navigator-link " panel-name="chronological-Test_Automation_Test_Suite">
                    <span>Chronological view</span>
                  </a> <!-- navigator-link  -->
                </li>
              </ul>
            </div> <!-- suite-section-content -->
            <div class="result-section">
              <div class="suite-section-title">
                <span>Results</span>
              </div> <!-- suite-section-title -->
              <div class="suite-section-content">
                <ul>
                  <li>
                    <span class="method-stats">17 methods, 1 failed,  4 skipped,  12 passed</span>
                  </li>
                  <li>
                    <span class="method-list-title failed">Failed methods</span>
                    <span class="show-or-hide-methods failed">
                      <a href="#" panel-name="suite-Test_Automation_Test_Suite" class="hide-methods failed suite-Test_Automation_Test_Suite"> (hide)</a> <!-- hide-methods failed suite-Test_Automation_Test_Suite -->
                      <a href="#" panel-name="suite-Test_Automation_Test_Suite" class="show-methods failed suite-Test_Automation_Test_Suite"> (show)</a> <!-- show-methods failed suite-Test_Automation_Test_Suite -->
                    </span>
                    <div class="method-list-content failed suite-Test_Automation_Test_Suite">
                      <span>
                        <img width="3%" src="failed.png"/>
                        <a href="#" class="method navigator-link" panel-name="suite-Test_Automation_Test_Suite" title="TestCaseTests.TestCases" hash-for-method="AccountCreationTest(ddd, a, eee, ddd.eee@yahoo.com, murlee75, murlee75)">AccountCreationTest(ddd, a, eee, ddd.eee@yahoo.com, murlee75, murlee75)</a> <!-- method navigator-link -->
                      </span>
                      <br/>
                    </div> <!-- method-list-content failed suite-Test_Automation_Test_Suite -->
                  </li>
                  <li>
                    <span class="method-list-title skipped">Skipped methods</span>
                    <span class="show-or-hide-methods skipped">
                      <a href="#" panel-name="suite-Test_Automation_Test_Suite" class="hide-methods skipped suite-Test_Automation_Test_Suite"> (hide)</a> <!-- hide-methods skipped suite-Test_Automation_Test_Suite -->
                      <a href="#" panel-name="suite-Test_Automation_Test_Suite" class="show-methods skipped suite-Test_Automation_Test_Suite"> (show)</a> <!-- show-methods skipped suite-Test_Automation_Test_Suite -->
                    </span>
                    <div class="method-list-content skipped suite-Test_Automation_Test_Suite">
                      <span>
                        <img width="3%" src="skipped.png"/>
                        <a href="#" class="method navigator-link" panel-name="suite-Test_Automation_Test_Suite" title="TestCaseTests.TestCases" hash-for-method="AccountCreationTest(ddd, a, eee, ddd.eee@yahoo.com, murlee75, murlee75)">AccountCreationTest(ddd, a, eee, ddd.eee@yahoo.com, murlee75, murlee75)</a> <!-- method navigator-link -->
                      </span>
                      <br/>
                      <span>
                        <img width="3%" src="skipped.png"/>
                        <a href="#" class="method navigator-link" panel-name="suite-Test_Automation_Test_Suite" title="TestCaseTests.TestCases" hash-for-method="AccountCreationTest(ddd, a, eee, ddd.eee@yahoo.com, murlee75, murlee75)">AccountCreationTest(ddd, a, eee, ddd.eee@yahoo.com, murlee75, murlee75)</a> <!-- method navigator-link -->
                      </span>
                      <br/>
                      <span>
                        <img width="3%" src="skipped.png"/>
                        <a href="#" class="method navigator-link" panel-name="suite-Test_Automation_Test_Suite" title="TestCaseTests.TestCases" hash-for-method="AccountCreationTest(ddd, a, eee, ddd.eee@yahoo.com, murlee75, murlee75)">AccountCreationTest(ddd, a, eee, ddd.eee@yahoo.com, murlee75, murlee75)</a> <!-- method navigator-link -->
                      </span>
                      <br/>
                      <span>
                        <img width="3%" src="skipped.png"/>
                        <a href="#" class="method navigator-link" panel-name="suite-Test_Automation_Test_Suite" title="TestCaseTests.BackendTestCases" hash-for-method="Verify_DisabledFields">Verify_DisabledFields</a> <!-- method navigator-link -->
                      </span>
                      <br/>
                    </div> <!-- method-list-content skipped suite-Test_Automation_Test_Suite -->
                  </li>
                  <li>
                    <span class="method-list-title passed">Passed methods</span>
                    <span class="show-or-hide-methods passed">
                      <a href="#" panel-name="suite-Test_Automation_Test_Suite" class="hide-methods passed suite-Test_Automation_Test_Suite"> (hide)</a> <!-- hide-methods passed suite-Test_Automation_Test_Suite -->
                      <a href="#" panel-name="suite-Test_Automation_Test_Suite" class="show-methods passed suite-Test_Automation_Test_Suite"> (show)</a> <!-- show-methods passed suite-Test_Automation_Test_Suite -->
                    </span>
                    <div class="method-list-content passed suite-Test_Automation_Test_Suite">
                      <span>
                        <img width="3%" src="passed.png"/>
                        <a href="#" class="method navigator-link" panel-name="suite-Test_Automation_Test_Suite" title="TestCaseTests.BackendTestCases" hash-for-method="Email_Report">Email_Report</a> <!-- method navigator-link -->
                      </span>
                      <br/>
                      <span>
                        <img width="3%" src="passed.png"/>
                        <a href="#" class="method navigator-link" panel-name="suite-Test_Automation_Test_Suite" title="TestCaseTests.TestCases" hash-for-method="ErrorVerificationTest">ErrorVerificationTest</a> <!-- method navigator-link -->
                      </span>
                      <br/>
                      <span>
                        <img width="3%" src="passed.png"/>
                        <a href="#" class="method navigator-link" panel-name="suite-Test_Automation_Test_Suite" title="TestCaseTests.TestCases" hash-for-method="PDFFile">PDFFile</a> <!-- method navigator-link -->
                      </span>
                      <br/>
                      <span>
                        <img width="3%" src="passed.png"/>
                        <a href="#" class="method navigator-link" panel-name="suite-Test_Automation_Test_Suite" title="TestCaseTests.BackendTestCases" hash-for-method="Print_Invoices">Print_Invoices</a> <!-- method navigator-link -->
                      </span>
                      <br/>
                      <span>
                        <img width="3%" src="passed.png"/>
                        <a href="#" class="method navigator-link" panel-name="suite-Test_Automation_Test_Suite" title="TestCaseTests.TestCases" hash-for-method="PurchaseProduct">PurchaseProduct</a> <!-- method navigator-link -->
                      </span>
                      <br/>
                      <span>
                        <img width="3%" src="passed.png"/>
                        <a href="#" class="method navigator-link" panel-name="suite-Test_Automation_Test_Suite" title="TestCaseTests.TestCases" hash-for-method="ReOrder">ReOrder</a> <!-- method navigator-link -->
                      </span>
                      <br/>
                      <span>
                        <img width="3%" src="passed.png"/>
                        <a href="#" class="method navigator-link" panel-name="suite-Test_Automation_Test_Suite" title="TestCaseTests.BackendTestCases" hash-for-method="Sort_Functionality">Sort_Functionality</a> <!-- method navigator-link -->
                      </span>
                      <br/>
                      <span>
                        <img width="3%" src="passed.png"/>
                        <a href="#" class="method navigator-link" panel-name="suite-Test_Automation_Test_Suite" title="TestCaseTests.TestCases" hash-for-method="VerifyCostinTwoPages">VerifyCostinTwoPages</a> <!-- method navigator-link -->
                      </span>
                      <br/>
                      <span>
                        <img width="3%" src="passed.png"/>
                        <a href="#" class="method navigator-link" panel-name="suite-Test_Automation_Test_Suite" title="TestCaseTests.TestCases" hash-for-method="VerifyGrandTotalDiscountCoupon">VerifyGrandTotalDiscountCoupon</a> <!-- method navigator-link -->
                      </span>
                      <br/>
                      <span>
                        <img width="3%" src="passed.png"/>
                        <a href="#" class="method navigator-link" panel-name="suite-Test_Automation_Test_Suite" title="TestCaseTests.BackendTestCases" hash-for-method="Verify_DisabledFields">Verify_DisabledFields</a> <!-- method navigator-link -->
                      </span>
                      <br/>
                      <span>
                        <img width="3%" src="passed.png"/>
                        <a href="#" class="method navigator-link" panel-name="suite-Test_Automation_Test_Suite" title="TestCaseTests.TestCases" hash-for-method="VerifycompareProducts">VerifycompareProducts</a> <!-- method navigator-link -->
                      </span>
                      <br/>
                      <span>
                        <img width="3%" src="passed.png"/>
                        <a href="#" class="method navigator-link" panel-name="suite-Test_Automation_Test_Suite" title="TestCaseTests.TestCases" hash-for-method="homePageTitleTest">homePageTitleTest</a> <!-- method navigator-link -->
                      </span>
                      <br/>
                    </div> <!-- method-list-content passed suite-Test_Automation_Test_Suite -->
                  </li>
                </ul>
              </div> <!-- suite-section-content -->
            </div> <!-- result-section -->
          </div> <!-- navigator-suite-content -->
        </div> <!-- rounded-window -->
      </div> <!-- suite -->
    </div> <!-- navigator-root -->
    <div class="wrapper">
      <div class="main-panel-root">
        <div panel-name="suite-Test_Automation_Test_Suite" class="panel Test_Automation_Test_Suite">
          <div class="suite-Test_Automation_Test_Suite-class-failed">
            <div class="main-panel-header rounded-window-top">
              <img src="failed.png"/>
              <span class="class-name">TestCaseTests.TestCases</span>
            </div> <!-- main-panel-header rounded-window-top -->
            <div class="main-panel-content rounded-window-bottom">
              <div class="method">
                <div class="method-content">
                  <a name="AccountCreationTest(ddd, a, eee, ddd.eee@yahoo.com, murlee75, murlee75)">
                  </a> <!-- AccountCreationTest(ddd, a, eee, ddd.eee@yahoo.com, murlee75, murlee75) -->
                  <span class="method-name">AccountCreationTest</span>
                  <span class="parameters">(ddd, a, eee, ddd.eee@yahoo.com, murlee75, murlee75)</span>
                  <div class="stack-trace">org.openqa.selenium.NoSuchElementException: Unable to locate element: //button[@title=&apos;Share Wishlist&apos;]
For documentation on this error, please visit: http://seleniumhq.org/exceptions/no_such_element.html
Build info: version: &apos;3.14.0&apos;, revision: &apos;aacccce0&apos;, time: &apos;2018-08-02T20:19:58.91Z&apos;
System info: host: &apos;DESKTOP-3ND57S0&apos;, ip: &apos;192.168.1.193&apos;, os.name: &apos;Windows 10&apos;, os.arch: &apos;amd64&apos;, os.version: &apos;10.0&apos;, java.version: &apos;1.8.0_181&apos;
Driver info: org.openqa.selenium.firefox.FirefoxDriver
Capabilities {acceptInsecureCerts: true, browserName: firefox, browserVersion: 62.0.3, javascriptEnabled: true, moz:accessibilityChecks: false, moz:headless: false, moz:processID: 15024, moz:profile: C:\Users\Murali\AppData\Loc..., moz:useNonSpecCompliantPointerOrigin: false, moz:webdriverClick: true, pageLoadStrategy: normal, platform: XP, platformName: XP, platformVersion: 10.0, rotatable: false, timeouts: {implicit: 0, pageLoad: 300000, script: 30000}}
Session ID: 23d4710d-750e-4921-8901-c07674d281e0
*** Element info: {Using=xpath, value=//button[@title=&apos;Share Wishlist&apos;]}
	at org.openqa.selenium.remote.http.W3CHttpResponseCodec.createException(W3CHttpResponseCodec.java:187)
	at org.openqa.selenium.remote.http.W3CHttpResponseCodec.decode(W3CHttpResponseCodec.java:122)
	at org.openqa.selenium.remote.http.W3CHttpResponseCodec.decode(W3CHttpResponseCodec.java:49)
	at org.openqa.selenium.remote.HttpCommandExecutor.execute(HttpCommandExecutor.java:158)
	at org.openqa.selenium.remote.service.DriverCommandExecutor.execute(DriverCommandExecutor.java:83)
	at org.openqa.selenium.remote.RemoteWebDriver.execute(RemoteWebDriver.java:548)
	at org.openqa.selenium.remote.RemoteWebDriver.findElement(RemoteWebDriver.java:322)
	at org.openqa.selenium.remote.RemoteWebDriver.findElementByXPath(RemoteWebDriver.java:424)
	at org.openqa.selenium.By$ByXPath.findElement(By.java:353)
	at org.openqa.selenium.remote.RemoteWebDriver.findElement(RemoteWebDriver.java:314)
	at org.openqa.selenium.support.events.EventFiringWebDriver.lambda$new$1(EventFiringWebDriver.java:105)
	at com.sun.proxy.$Proxy10.findElement(Unknown Source)
	at org.openqa.selenium.support.events.EventFiringWebDriver.findElement(EventFiringWebDriver.java:194)
	at org.openqa.selenium.support.pagefactory.DefaultElementLocator.findElement(DefaultElementLocator.java:69)
	at org.openqa.selenium.support.pagefactory.internal.LocatingElementHandler.invoke(LocatingElementHandler.java:38)
	at com.sun.proxy.$Proxy14.click(Unknown Source)
	at webPages.MyWishListPage.ClickShareWishListBtn(MyWishListPage.java:37)
	at TestCaseTests.TestCases.AccountCreationTest(TestCases.java:202)
... Removed 32 stack frames
</div> <!-- stack-trace -->
                </div> <!-- method-content -->
              </div> <!-- method -->
            </div> <!-- main-panel-content rounded-window-bottom -->
          </div> <!-- suite-Test_Automation_Test_Suite-class-failed -->
          <div class="suite-Test_Automation_Test_Suite-class-skipped">
            <div class="main-panel-header rounded-window-top">
              <img src="skipped.png"/>
              <span class="class-name">TestCaseTests.TestCases</span>
            </div> <!-- main-panel-header rounded-window-top -->
            <div class="main-panel-content rounded-window-bottom">
              <div class="method">
                <div class="method-content">
                  <a name="AccountCreationTest(ddd, a, eee, ddd.eee@yahoo.com, murlee75, murlee75)">
                  </a> <!-- AccountCreationTest(ddd, a, eee, ddd.eee@yahoo.com, murlee75, murlee75) -->
                  <span class="method-name">AccountCreationTest</span>
                  <span class="parameters">(ddd, a, eee, ddd.eee@yahoo.com, murlee75, murlee75)</span>
                  <div class="stack-trace">org.openqa.selenium.NoSuchElementException: Unable to locate element: //button[@title=&apos;Share Wishlist&apos;]
For documentation on this error, please visit: http://seleniumhq.org/exceptions/no_such_element.html
Build info: version: &apos;3.14.0&apos;, revision: &apos;aacccce0&apos;, time: &apos;2018-08-02T20:19:58.91Z&apos;
System info: host: &apos;DESKTOP-3ND57S0&apos;, ip: &apos;192.168.1.193&apos;, os.name: &apos;Windows 10&apos;, os.arch: &apos;amd64&apos;, os.version: &apos;10.0&apos;, java.version: &apos;1.8.0_181&apos;
Driver info: org.openqa.selenium.firefox.FirefoxDriver
Capabilities {acceptInsecureCerts: true, browserName: firefox, browserVersion: 62.0.3, javascriptEnabled: true, moz:accessibilityChecks: false, moz:headless: false, moz:processID: 18116, moz:profile: C:\Users\Murali\AppData\Loc..., moz:useNonSpecCompliantPointerOrigin: false, moz:webdriverClick: true, pageLoadStrategy: normal, platform: XP, platformName: XP, platformVersion: 10.0, rotatable: false, timeouts: {implicit: 0, pageLoad: 300000, script: 30000}}
Session ID: c131fa3c-0e02-4ad7-814f-2b99cbb27b81
*** Element info: {Using=xpath, value=//button[@title=&apos;Share Wishlist&apos;]}
	at org.openqa.selenium.remote.http.W3CHttpResponseCodec.createException(W3CHttpResponseCodec.java:187)
	at org.openqa.selenium.remote.http.W3CHttpResponseCodec.decode(W3CHttpResponseCodec.java:122)
	at org.openqa.selenium.remote.http.W3CHttpResponseCodec.decode(W3CHttpResponseCodec.java:49)
	at org.openqa.selenium.remote.HttpCommandExecutor.execute(HttpCommandExecutor.java:158)
	at org.openqa.selenium.remote.service.DriverCommandExecutor.execute(DriverCommandExecutor.java:83)
	at org.openqa.selenium.remote.RemoteWebDriver.execute(RemoteWebDriver.java:548)
	at org.openqa.selenium.remote.RemoteWebDriver.findElement(RemoteWebDriver.java:322)
	at org.openqa.selenium.remote.RemoteWebDriver.findElementByXPath(RemoteWebDriver.java:424)
	at org.openqa.selenium.By$ByXPath.findElement(By.java:353)
	at org.openqa.selenium.remote.RemoteWebDriver.findElement(RemoteWebDriver.java:314)
	at org.openqa.selenium.support.events.EventFiringWebDriver.lambda$new$1(EventFiringWebDriver.java:105)
	at com.sun.proxy.$Proxy10.findElement(Unknown Source)
	at org.openqa.selenium.support.events.EventFiringWebDriver.findElement(EventFiringWebDriver.java:194)
	at org.openqa.selenium.support.pagefactory.DefaultElementLocator.findElement(DefaultElementLocator.java:69)
	at org.openqa.selenium.support.pagefactory.internal.LocatingElementHandler.invoke(LocatingElementHandler.java:38)
	at com.sun.proxy.$Proxy14.click(Unknown Source)
	at webPages.MyWishListPage.ClickShareWishListBtn(MyWishListPage.java:37)
	at TestCaseTests.TestCases.AccountCreationTest(TestCases.java:202)
... Removed 32 stack frames
</div> <!-- stack-trace -->
                </div> <!-- method-content -->
              </div> <!-- method -->
              <div class="method">
                <div class="method-content">
                  <a name="AccountCreationTest(ddd, a, eee, ddd.eee@yahoo.com, murlee75, murlee75)">
                  </a> <!-- AccountCreationTest(ddd, a, eee, ddd.eee@yahoo.com, murlee75, murlee75) -->
                  <span class="method-name">AccountCreationTest</span>
                  <span class="parameters">(ddd, a, eee, ddd.eee@yahoo.com, murlee75, murlee75)</span>
                  <div class="stack-trace">org.openqa.selenium.NoSuchElementException: Unable to locate element: //button[@title=&apos;Share Wishlist&apos;]
For documentation on this error, please visit: http://seleniumhq.org/exceptions/no_such_element.html
Build info: version: &apos;3.14.0&apos;, revision: &apos;aacccce0&apos;, time: &apos;2018-08-02T20:19:58.91Z&apos;
System info: host: &apos;DESKTOP-3ND57S0&apos;, ip: &apos;192.168.1.193&apos;, os.name: &apos;Windows 10&apos;, os.arch: &apos;amd64&apos;, os.version: &apos;10.0&apos;, java.version: &apos;1.8.0_181&apos;
Driver info: org.openqa.selenium.firefox.FirefoxDriver
Capabilities {acceptInsecureCerts: true, browserName: firefox, browserVersion: 62.0.3, javascriptEnabled: true, moz:accessibilityChecks: false, moz:headless: false, moz:processID: 18468, moz:profile: C:\Users\Murali\AppData\Loc..., moz:useNonSpecCompliantPointerOrigin: false, moz:webdriverClick: true, pageLoadStrategy: normal, platform: XP, platformName: XP, platformVersion: 10.0, rotatable: false, timeouts: {implicit: 0, pageLoad: 300000, script: 30000}}
Session ID: 9a582c45-458d-472a-b62d-2d22baa2e8c1
*** Element info: {Using=xpath, value=//button[@title=&apos;Share Wishlist&apos;]}
	at org.openqa.selenium.remote.http.W3CHttpResponseCodec.createException(W3CHttpResponseCodec.java:187)
	at org.openqa.selenium.remote.http.W3CHttpResponseCodec.decode(W3CHttpResponseCodec.java:122)
	at org.openqa.selenium.remote.http.W3CHttpResponseCodec.decode(W3CHttpResponseCodec.java:49)
	at org.openqa.selenium.remote.HttpCommandExecutor.execute(HttpCommandExecutor.java:158)
	at org.openqa.selenium.remote.service.DriverCommandExecutor.execute(DriverCommandExecutor.java:83)
	at org.openqa.selenium.remote.RemoteWebDriver.execute(RemoteWebDriver.java:548)
	at org.openqa.selenium.remote.RemoteWebDriver.findElement(RemoteWebDriver.java:322)
	at org.openqa.selenium.remote.RemoteWebDriver.findElementByXPath(RemoteWebDriver.java:424)
	at org.openqa.selenium.By$ByXPath.findElement(By.java:353)
	at org.openqa.selenium.remote.RemoteWebDriver.findElement(RemoteWebDriver.java:314)
	at org.openqa.selenium.support.events.EventFiringWebDriver.lambda$new$1(EventFiringWebDriver.java:105)
	at com.sun.proxy.$Proxy10.findElement(Unknown Source)
	at org.openqa.selenium.support.events.EventFiringWebDriver.findElement(EventFiringWebDriver.java:194)
	at org.openqa.selenium.support.pagefactory.DefaultElementLocator.findElement(DefaultElementLocator.java:69)
	at org.openqa.selenium.support.pagefactory.internal.LocatingElementHandler.invoke(LocatingElementHandler.java:38)
	at com.sun.proxy.$Proxy14.click(Unknown Source)
	at webPages.MyWishListPage.ClickShareWishListBtn(MyWishListPage.java:37)
	at TestCaseTests.TestCases.AccountCreationTest(TestCases.java:202)
... Removed 32 stack frames
</div> <!-- stack-trace -->
                </div> <!-- method-content -->
              </div> <!-- method -->
              <div class="method">
                <div class="method-content">
                  <a name="AccountCreationTest(ddd, a, eee, ddd.eee@yahoo.com, murlee75, murlee75)">
                  </a> <!-- AccountCreationTest(ddd, a, eee, ddd.eee@yahoo.com, murlee75, murlee75) -->
                  <span class="method-name">AccountCreationTest</span>
                  <span class="parameters">(ddd, a, eee, ddd.eee@yahoo.com, murlee75, murlee75)</span>
                  <div class="stack-trace">org.openqa.selenium.NoSuchElementException: Unable to locate element: //button[@title=&apos;Share Wishlist&apos;]
For documentation on this error, please visit: http://seleniumhq.org/exceptions/no_such_element.html
Build info: version: &apos;3.14.0&apos;, revision: &apos;aacccce0&apos;, time: &apos;2018-08-02T20:19:58.91Z&apos;
System info: host: &apos;DESKTOP-3ND57S0&apos;, ip: &apos;192.168.1.193&apos;, os.name: &apos;Windows 10&apos;, os.arch: &apos;amd64&apos;, os.version: &apos;10.0&apos;, java.version: &apos;1.8.0_181&apos;
Driver info: org.openqa.selenium.firefox.FirefoxDriver
Capabilities {acceptInsecureCerts: true, browserName: firefox, browserVersion: 62.0.3, javascriptEnabled: true, moz:accessibilityChecks: false, moz:headless: false, moz:processID: 16192, moz:profile: C:\Users\Murali\AppData\Loc..., moz:useNonSpecCompliantPointerOrigin: false, moz:webdriverClick: true, pageLoadStrategy: normal, platform: XP, platformName: XP, platformVersion: 10.0, rotatable: false, timeouts: {implicit: 0, pageLoad: 300000, script: 30000}}
Session ID: 4ff2d2ac-825e-4b75-ab45-310363c7fae6
*** Element info: {Using=xpath, value=//button[@title=&apos;Share Wishlist&apos;]}
	at org.openqa.selenium.remote.http.W3CHttpResponseCodec.createException(W3CHttpResponseCodec.java:187)
	at org.openqa.selenium.remote.http.W3CHttpResponseCodec.decode(W3CHttpResponseCodec.java:122)
	at org.openqa.selenium.remote.http.W3CHttpResponseCodec.decode(W3CHttpResponseCodec.java:49)
	at org.openqa.selenium.remote.HttpCommandExecutor.execute(HttpCommandExecutor.java:158)
	at org.openqa.selenium.remote.service.DriverCommandExecutor.execute(DriverCommandExecutor.java:83)
	at org.openqa.selenium.remote.RemoteWebDriver.execute(RemoteWebDriver.java:548)
	at org.openqa.selenium.remote.RemoteWebDriver.findElement(RemoteWebDriver.java:322)
	at org.openqa.selenium.remote.RemoteWebDriver.findElementByXPath(RemoteWebDriver.java:424)
	at org.openqa.selenium.By$ByXPath.findElement(By.java:353)
	at org.openqa.selenium.remote.RemoteWebDriver.findElement(RemoteWebDriver.java:314)
	at org.openqa.selenium.support.events.EventFiringWebDriver.lambda$new$1(EventFiringWebDriver.java:105)
	at com.sun.proxy.$Proxy10.findElement(Unknown Source)
	at org.openqa.selenium.support.events.EventFiringWebDriver.findElement(EventFiringWebDriver.java:194)
	at org.openqa.selenium.support.pagefactory.DefaultElementLocator.findElement(DefaultElementLocator.java:69)
	at org.openqa.selenium.support.pagefactory.internal.LocatingElementHandler.invoke(LocatingElementHandler.java:38)
	at com.sun.proxy.$Proxy14.click(Unknown Source)
	at webPages.MyWishListPage.ClickShareWishListBtn(MyWishListPage.java:37)
	at TestCaseTests.TestCases.AccountCreationTest(TestCases.java:202)
... Removed 32 stack frames
</div> <!-- stack-trace -->
                </div> <!-- method-content -->
              </div> <!-- method -->
            </div> <!-- main-panel-content rounded-window-bottom -->
          </div> <!-- suite-Test_Automation_Test_Suite-class-skipped -->
          <div class="suite-Test_Automation_Test_Suite-class-skipped">
            <div class="main-panel-header rounded-window-top">
              <img src="skipped.png"/>
              <span class="class-name">TestCaseTests.BackendTestCases</span>
            </div> <!-- main-panel-header rounded-window-top -->
            <div class="main-panel-content rounded-window-bottom">
              <div class="method">
                <div class="method-content">
                  <a name="Verify_DisabledFields">
                  </a> <!-- Verify_DisabledFields -->
                  <span class="method-name">Verify_DisabledFields</span>
                  <div class="stack-trace">org.openqa.selenium.ElementNotInteractableException: Element &lt;span&gt; could not be scrolled into view
Build info: version: &apos;3.14.0&apos;, revision: &apos;aacccce0&apos;, time: &apos;2018-08-02T20:19:58.91Z&apos;
System info: host: &apos;DESKTOP-3ND57S0&apos;, ip: &apos;192.168.1.193&apos;, os.name: &apos;Windows 10&apos;, os.arch: &apos;amd64&apos;, os.version: &apos;10.0&apos;, java.version: &apos;1.8.0_181&apos;
Driver info: org.openqa.selenium.firefox.FirefoxDriver
Capabilities {acceptInsecureCerts: true, browserName: firefox, browserVersion: 62.0.3, javascriptEnabled: true, moz:accessibilityChecks: false, moz:headless: false, moz:processID: 7688, moz:profile: C:\Users\Murali\AppData\Loc..., moz:useNonSpecCompliantPointerOrigin: false, moz:webdriverClick: true, pageLoadStrategy: normal, platform: XP, platformName: XP, platformVersion: 10.0, rotatable: false, timeouts: {implicit: 0, pageLoad: 300000, script: 30000}}
Session ID: bb7055bc-9da1-48b0-828a-22352a2fceef
	at org.openqa.selenium.remote.http.W3CHttpResponseCodec.createException(W3CHttpResponseCodec.java:187)
	at org.openqa.selenium.remote.http.W3CHttpResponseCodec.decode(W3CHttpResponseCodec.java:122)
	at org.openqa.selenium.remote.http.W3CHttpResponseCodec.decode(W3CHttpResponseCodec.java:49)
	at org.openqa.selenium.remote.HttpCommandExecutor.execute(HttpCommandExecutor.java:158)
	at org.openqa.selenium.remote.service.DriverCommandExecutor.execute(DriverCommandExecutor.java:83)
	at org.openqa.selenium.remote.RemoteWebDriver.execute(RemoteWebDriver.java:548)
	at org.openqa.selenium.remote.RemoteWebElement.execute(RemoteWebElement.java:276)
	at org.openqa.selenium.remote.RemoteWebElement.click(RemoteWebElement.java:83)
	at org.openqa.selenium.support.events.EventFiringWebDriver$EventFiringWebElement.lambda$new$0(EventFiringWebDriver.java:403)
	at com.sun.proxy.$Proxy15.click(Unknown Source)
	at org.openqa.selenium.support.events.EventFiringWebDriver$EventFiringWebElement.click(EventFiringWebDriver.java:416)
	at webPages.ManageCustomerPage.Perform_Actions_Click_CustomersTab(ManageCustomerPage.java:83)
	at TestCaseTests.BackendTestCases.Verify_DisabledFields(BackendTestCases.java:145)
... Removed 32 stack frames
</div> <!-- stack-trace -->
                </div> <!-- method-content -->
              </div> <!-- method -->
            </div> <!-- main-panel-content rounded-window-bottom -->
          </div> <!-- suite-Test_Automation_Test_Suite-class-skipped -->
          <div class="suite-Test_Automation_Test_Suite-class-passed">
            <div class="main-panel-header rounded-window-top">
              <img src="passed.png"/>
              <span class="class-name">TestCaseTests.TestCases</span>
            </div> <!-- main-panel-header rounded-window-top -->
            <div class="main-panel-content rounded-window-bottom">
              <div class="method">
                <div class="method-content">
                  <a name="ErrorVerificationTest">
                  </a> <!-- ErrorVerificationTest -->
                  <span class="method-name">ErrorVerificationTest</span>
                </div> <!-- method-content -->
              </div> <!-- method -->
              <div class="method">
                <div class="method-content">
                  <a name="PDFFile">
                  </a> <!-- PDFFile -->
                  <span class="method-name">PDFFile</span>
                </div> <!-- method-content -->
              </div> <!-- method -->
              <div class="method">
                <div class="method-content">
                  <a name="PurchaseProduct">
                  </a> <!-- PurchaseProduct -->
                  <span class="method-name">PurchaseProduct</span>
                </div> <!-- method-content -->
              </div> <!-- method -->
              <div class="method">
                <div class="method-content">
                  <a name="ReOrder">
                  </a> <!-- ReOrder -->
                  <span class="method-name">ReOrder</span>
                </div> <!-- method-content -->
              </div> <!-- method -->
              <div class="method">
                <div class="method-content">
                  <a name="VerifyCostinTwoPages">
                  </a> <!-- VerifyCostinTwoPages -->
                  <span class="method-name">VerifyCostinTwoPages</span>
                </div> <!-- method-content -->
              </div> <!-- method -->
              <div class="method">
                <div class="method-content">
                  <a name="VerifyGrandTotalDiscountCoupon">
                  </a> <!-- VerifyGrandTotalDiscountCoupon -->
                  <span class="method-name">VerifyGrandTotalDiscountCoupon</span>
                </div> <!-- method-content -->
              </div> <!-- method -->
              <div class="method">
                <div class="method-content">
                  <a name="VerifycompareProducts">
                  </a> <!-- VerifycompareProducts -->
                  <span class="method-name">VerifycompareProducts</span>
                </div> <!-- method-content -->
              </div> <!-- method -->
              <div class="method">
                <div class="method-content">
                  <a name="homePageTitleTest">
                  </a> <!-- homePageTitleTest -->
                  <span class="method-name">homePageTitleTest</span>
                </div> <!-- method-content -->
              </div> <!-- method -->
            </div> <!-- main-panel-content rounded-window-bottom -->
          </div> <!-- suite-Test_Automation_Test_Suite-class-passed -->
          <div class="suite-Test_Automation_Test_Suite-class-passed">
            <div class="main-panel-header rounded-window-top">
              <img src="passed.png"/>
              <span class="class-name">TestCaseTests.BackendTestCases</span>
            </div> <!-- main-panel-header rounded-window-top -->
            <div class="main-panel-content rounded-window-bottom">
              <div class="method">
                <div class="method-content">
                  <a name="Email_Report">
                  </a> <!-- Email_Report -->
                  <span class="method-name">Email_Report</span>
                </div> <!-- method-content -->
              </div> <!-- method -->
              <div class="method">
                <div class="method-content">
                  <a name="Print_Invoices">
                  </a> <!-- Print_Invoices -->
                  <span class="method-name">Print_Invoices</span>
                </div> <!-- method-content -->
              </div> <!-- method -->
              <div class="method">
                <div class="method-content">
                  <a name="Sort_Functionality">
                  </a> <!-- Sort_Functionality -->
                  <span class="method-name">Sort_Functionality</span>
                </div> <!-- method-content -->
              </div> <!-- method -->
              <div class="method">
                <div class="method-content">
                  <a name="Verify_DisabledFields">
                  </a> <!-- Verify_DisabledFields -->
                  <span class="method-name">Verify_DisabledFields</span>
                </div> <!-- method-content -->
              </div> <!-- method -->
            </div> <!-- main-panel-content rounded-window-bottom -->
          </div> <!-- suite-Test_Automation_Test_Suite-class-passed -->
        </div> <!-- panel Test_Automation_Test_Suite -->
        <div panel-name="test-xml-Test_Automation_Test_Suite" class="panel">
          <div class="main-panel-header rounded-window-top">
            <span class="header-content">C:\seleniumProject\ecommerce\Testng.xml</span>
          </div> <!-- main-panel-header rounded-window-top -->
          <div class="main-panel-content rounded-window-bottom">
            <pre>
&lt;?xml version=&quot;1.0&quot; encoding=&quot;UTF-8&quot;?&gt;
&lt;!DOCTYPE suite SYSTEM &quot;http://testng.org/testng-1.0.dtd&quot;&gt;
&lt;suite guice-stage=&quot;DEVELOPMENT&quot; name=&quot;Test Automation Test Suite&quot;&gt;
  &lt;listeners&gt;
    &lt;listener class-name=&quot;Listener.Listener&quot;/&gt;
    &lt;listener class-name=&quot;Analyzer.MyTransform&quot;/&gt;
  &lt;/listeners&gt;
  &lt;test name=&quot;TestCases&quot;&gt;
    &lt;classes&gt;
      &lt;class name=&quot;TestCaseTests.TestCases&quot;&gt;
        &lt;methods&gt;
          &lt;include name=&quot;homePageTitleTest&quot;/&gt;
          &lt;include name=&quot;VerifyCostinTwoPages&quot;/&gt;
          &lt;include name=&quot;ErrorVerificationTest&quot;/&gt;
          &lt;include name=&quot;VerifycompareProducts&quot;/&gt;
          &lt;include name=&quot;AccountCreationTest&quot;/&gt;
          &lt;include name=&quot;PurchaseProduct&quot;/&gt;
          &lt;include name=&quot;PDFFile&quot;/&gt;
          &lt;include name=&quot;ReOrder&quot;/&gt;
          &lt;include name=&quot;VerifyGrandTotalDiscountCoupon&quot;/&gt;
        &lt;/methods&gt;
      &lt;/class&gt; &lt;!-- TestCaseTests.TestCases --&gt;
    &lt;/classes&gt;
  &lt;/test&gt; &lt;!-- TestCases --&gt;
  &lt;test name=&quot;BackendTestCasess&quot;&gt;
    &lt;classes&gt;
      &lt;class name=&quot;TestCaseTests.BackendTestCases&quot;&gt;
        &lt;methods&gt;
          &lt;include name=&quot;Email_Report&quot;/&gt;
          &lt;include name=&quot;Print_Invoices&quot;/&gt;
          &lt;include name=&quot;Sort_Functionality&quot;/&gt;
          &lt;include name=&quot;Verify_Search_Functionality&quot;/&gt;
          &lt;include name=&quot;Verify_DisabledFields&quot;/&gt;
        &lt;/methods&gt;
      &lt;/class&gt; &lt;!-- TestCaseTests.BackendTestCases --&gt;
    &lt;/classes&gt;
  &lt;/test&gt; &lt;!-- BackendTestCasess --&gt;
&lt;/suite&gt; &lt;!-- Test Automation Test Suite --&gt;
            </pre>
          </div> <!-- main-panel-content rounded-window-bottom -->
        </div> <!-- panel -->
        <div panel-name="testlist-Test_Automation_Test_Suite" class="panel">
          <div class="main-panel-header rounded-window-top">
            <span class="header-content">Tests for Test Automation Test Suite</span>
          </div> <!-- main-panel-header rounded-window-top -->
          <div class="main-panel-content rounded-window-bottom">
            <ul>
              <li>
                <span class="test-name">TestCases (1 class)</span>
              </li>
              <li>
                <span class="test-name">BackendTestCasess (1 class)</span>
              </li>
            </ul>
          </div> <!-- main-panel-content rounded-window-bottom -->
        </div> <!-- panel -->
        <div panel-name="group-Test_Automation_Test_Suite" class="panel">
          <div class="main-panel-header rounded-window-top">
            <span class="header-content">Groups for Test Automation Test Suite</span>
          </div> <!-- main-panel-header rounded-window-top -->
          <div class="main-panel-content rounded-window-bottom">
          </div> <!-- main-panel-content rounded-window-bottom -->
        </div> <!-- panel -->
        <div panel-name="times-Test_Automation_Test_Suite" class="panel">
          <div class="main-panel-header rounded-window-top">
            <span class="header-content">Times for Test Automation Test Suite</span>
          </div> <!-- main-panel-header rounded-window-top -->
          <div class="main-panel-content rounded-window-bottom">
            <div class="times-div">
              <script type="text/javascript">
suiteTableInitFunctions.push('tableData_Test_Automation_Test_Suite');
function tableData_Test_Automation_Test_Suite() {
var data = new google.visualization.DataTable();
data.addColumn('number', 'Number');
data.addColumn('string', 'Method');
data.addColumn('string', 'Class');
data.addColumn('number', 'Time (ms)');
data.addRows(17);
data.setCell(0, 0, 0)
data.setCell(0, 1, 'AccountCreationTest')
data.setCell(0, 2, 'TestCaseTests.TestCases')
data.setCell(0, 3, 23267);
data.setCell(1, 0, 1)
data.setCell(1, 1, 'AccountCreationTest')
data.setCell(1, 2, 'TestCaseTests.TestCases')
data.setCell(1, 3, 23250);
data.setCell(2, 0, 2)
data.setCell(2, 1, 'AccountCreationTest')
data.setCell(2, 2, 'TestCaseTests.TestCases')
data.setCell(2, 3, 23004);
data.setCell(3, 0, 3)
data.setCell(3, 1, 'AccountCreationTest')
data.setCell(3, 2, 'TestCaseTests.TestCases')
data.setCell(3, 3, 22979);
data.setCell(4, 0, 4)
data.setCell(4, 1, 'Print_Invoices')
data.setCell(4, 2, 'TestCaseTests.BackendTestCases')
data.setCell(4, 3, 10252);
data.setCell(5, 0, 5)
data.setCell(5, 1, 'PurchaseProduct')
data.setCell(5, 2, 'TestCaseTests.TestCases')
data.setCell(5, 3, 9716);
data.setCell(6, 0, 6)
data.setCell(6, 1, 'Email_Report')
data.setCell(6, 2, 'TestCaseTests.BackendTestCases')
data.setCell(6, 3, 9187);
data.setCell(7, 0, 7)
data.setCell(7, 1, 'PDFFile')
data.setCell(7, 2, 'TestCaseTests.TestCases')
data.setCell(7, 3, 9055);
data.setCell(8, 0, 8)
data.setCell(8, 1, 'VerifycompareProducts')
data.setCell(8, 2, 'TestCaseTests.TestCases')
data.setCell(8, 3, 8442);
data.setCell(9, 0, 9)
data.setCell(9, 1, 'ReOrder')
data.setCell(9, 2, 'TestCaseTests.TestCases')
data.setCell(9, 3, 6839);
data.setCell(10, 0, 10)
data.setCell(10, 1, 'ErrorVerificationTest')
data.setCell(10, 2, 'TestCaseTests.TestCases')
data.setCell(10, 3, 2860);
data.setCell(11, 0, 11)
data.setCell(11, 1, 'Verify_DisabledFields')
data.setCell(11, 2, 'TestCaseTests.BackendTestCases')
data.setCell(11, 3, 2719);
data.setCell(12, 0, 12)
data.setCell(12, 1, 'Sort_Functionality')
data.setCell(12, 2, 'TestCaseTests.BackendTestCases')
data.setCell(12, 3, 2241);
data.setCell(13, 0, 13)
data.setCell(13, 1, 'VerifyGrandTotalDiscountCoupon')
data.setCell(13, 2, 'TestCaseTests.TestCases')
data.setCell(13, 3, 1902);
data.setCell(14, 0, 14)
data.setCell(14, 1, 'Verify_DisabledFields')
data.setCell(14, 2, 'TestCaseTests.BackendTestCases')
data.setCell(14, 3, 1502);
data.setCell(15, 0, 15)
data.setCell(15, 1, 'VerifyCostinTwoPages')
data.setCell(15, 2, 'TestCaseTests.TestCases')
data.setCell(15, 3, 1485);
data.setCell(16, 0, 16)
data.setCell(16, 1, 'homePageTitleTest')
data.setCell(16, 2, 'TestCaseTests.TestCases')
data.setCell(16, 3, 1187);
window.suiteTableData['Test_Automation_Test_Suite']= { tableData: data, tableDiv: 'times-div-Test_Automation_Test_Suite'}
return data;
}
              </script>
              <span class="suite-total-time">Total running time: 2 minutes</span>
              <div id="times-div-Test_Automation_Test_Suite">
              </div> <!-- times-div-Test_Automation_Test_Suite -->
            </div> <!-- times-div -->
          </div> <!-- main-panel-content rounded-window-bottom -->
        </div> <!-- panel -->
        <div panel-name="reporter-Test_Automation_Test_Suite" class="panel">
          <div class="main-panel-header rounded-window-top">
            <span class="header-content">Reporter output for Test Automation Test Suite</span>
          </div> <!-- main-panel-header rounded-window-top -->
          <div class="main-panel-content rounded-window-bottom">
            <div class="reporter-method-div">
              <span class="reporter-method-name">PDFFile</span>
              <div class="reporter-method-output-div">
                <span class="reporter-method-output"><br><img src=C:\seleniumProject\ecommerceheight-'400' width-'400'/><br></span>
                <span class="reporter-method-output"><br><img src=C:\seleniumProject\ecommerceheight-'400' width-'400'/><br></span>
              </div> <!-- reporter-method-output-div -->
            </div> <!-- reporter-method-div -->
            <div class="reporter-method-div">
              <span class="reporter-method-name">VerifycompareProducts</span>
              <div class="reporter-method-output-div">
                <span class="reporter-method-output"><br><img src=C:\seleniumProject\ecommerceheight-'400' width-'400'/><br></span>
                <span class="reporter-method-output"><br><img src=C:\seleniumProject\ecommerceheight-'400' width-'400'/><br></span>
              </div> <!-- reporter-method-output-div -->
            </div> <!-- reporter-method-div -->
            <div class="reporter-method-div">
              <span class="reporter-method-name">AccountCreationTest(ddd, a, eee, ddd.eee@yahoo.com, murlee75, murlee75)</span>
              <div class="reporter-method-output-div">
                <span class="reporter-method-output"><br><img src=C:\seleniumProject\ecommerceheight-'400' width-'400'/><br></span>
              </div> <!-- reporter-method-output-div -->
            </div> <!-- reporter-method-div -->
            <div class="reporter-method-div">
              <span class="reporter-method-name">AccountCreationTest(ddd, a, eee, ddd.eee@yahoo.com, murlee75, murlee75)</span>
              <div class="reporter-method-output-div">
                <span class="reporter-method-output"><br><img src=C:\seleniumProject\ecommerceheight-'400' width-'400'/><br></span>
              </div> <!-- reporter-method-output-div -->
            </div> <!-- reporter-method-div -->
            <div class="reporter-method-div">
              <span class="reporter-method-name">AccountCreationTest(ddd, a, eee, ddd.eee@yahoo.com, murlee75, murlee75)</span>
              <div class="reporter-method-output-div">
                <span class="reporter-method-output"><br><img src=C:\seleniumProject\ecommerceheight-'400' width-'400'/><br></span>
              </div> <!-- reporter-method-output-div -->
            </div> <!-- reporter-method-div -->
            <div class="reporter-method-div">
              <span class="reporter-method-name">AccountCreationTest(ddd, a, eee, ddd.eee@yahoo.com, murlee75, murlee75)</span>
              <div class="reporter-method-output-div">
                <span class="reporter-method-output"><br><img src=C:\seleniumProject\ecommerceheight-'400' width-'400'/><br></span>
              </div> <!-- reporter-method-output-div -->
            </div> <!-- reporter-method-div -->
            <div class="reporter-method-div">
              <span class="reporter-method-name">Sort_Functionality</span>
              <div class="reporter-method-output-div">
                <span class="reporter-method-output"><br><img src=C:\seleniumProject\ecommerceheight-'400' width-'400'/><br></span>
                <span class="reporter-method-output"><br><img src=C:\seleniumProject\ecommerceheight-'400' width-'400'/><br></span>
              </div> <!-- reporter-method-output-div -->
            </div> <!-- reporter-method-div -->
            <div class="reporter-method-div">
              <span class="reporter-method-name">Verify_DisabledFields</span>
              <div class="reporter-method-output-div">
                <span class="reporter-method-output"><br><img src=C:\seleniumProject\ecommerceheight-'400' width-'400'/><br></span>
              </div> <!-- reporter-method-output-div -->
            </div> <!-- reporter-method-div -->
          </div> <!-- main-panel-content rounded-window-bottom -->
        </div> <!-- panel -->
        <div panel-name="ignored-methods-Test_Automation_Test_Suite" class="panel">
          <div class="main-panel-header rounded-window-top">
            <span class="header-content">1 ignored method</span>
          </div> <!-- main-panel-header rounded-window-top -->
          <div class="main-panel-content rounded-window-bottom">
            <div class="ignored-class-div">
              <span class="ignored-class-name">TestCaseTests.TestCases</span>
              <div class="ignored-methods-div">
                <span class="ignored-method-name">Verify_Search_Functionality</span>
                <br/>
              </div> <!-- ignored-methods-div -->
            </div> <!-- ignored-class-div -->
          </div> <!-- main-panel-content rounded-window-bottom -->
        </div> <!-- panel -->
        <div panel-name="chronological-Test_Automation_Test_Suite" class="panel">
          <div class="main-panel-header rounded-window-top">
            <span class="header-content">Methods in chronological order</span>
          </div> <!-- main-panel-header rounded-window-top -->
          <div class="main-panel-content rounded-window-bottom">
            <div class="chronological-class">
              <div class="chronological-class-name">TestCaseTests.BackendTestCases</div> <!-- chronological-class-name -->
              <div class="configuration-suite before">
                <span class="method-name">setExtent</span>
                <span class="method-start">0 ms</span>
              </div> <!-- configuration-suite before -->
            </div> <!-- chronological-class -->
            <div class="chronological-class">
              <div class="chronological-class-name">TestCaseTests.TestCases</div> <!-- chronological-class-name -->
              <div class="configuration-method before">
                <span class="method-name">setUp</span>
                <span class="method-start">278 ms</span>
              </div> <!-- configuration-method before -->
              <div class="test-method">
                <span class="method-name">homePageTitleTest</span>
                <span class="method-start">9900 ms</span>
              </div> <!-- test-method -->
              <div class="configuration-method after">
                <span class="method-name">setResults([TestResult name=homePageTitleTest status=SUCCESS method=TestCases.homePageTitleTest()[pri:1, instan...)</span>
                <span class="method-start">11089 ms</span>
              </div> <!-- configuration-method after -->
              <div class="configuration-method before">
                <span class="method-name">setUp</span>
                <span class="method-start">12137 ms</span>
              </div> <!-- configuration-method before -->
              <div class="test-method">
                <span class="method-name">VerifyCostinTwoPages</span>
                <span class="method-start">19606 ms</span>
              </div> <!-- test-method -->
              <div class="configuration-method after">
                <span class="method-name">setResults([TestResult name=VerifyCostinTwoPages status=SUCCESS method=TestCases.VerifyCostinTwoPages()[pri:2, ...)</span>
                <span class="method-start">21094 ms</span>
              </div> <!-- configuration-method after -->
              <div class="configuration-method before">
                <span class="method-name">setUp</span>
                <span class="method-start">21966 ms</span>
              </div> <!-- configuration-method before -->
              <div class="test-method">
                <span class="method-name">ErrorVerificationTest</span>
                <span class="method-start">29836 ms</span>
              </div> <!-- test-method -->
              <div class="configuration-method after">
                <span class="method-name">setResults([TestResult name=ErrorVerificationTest status=SUCCESS method=TestCases.ErrorVerificationTest()[pri:3...)</span>
                <span class="method-start">32697 ms</span>
              </div> <!-- configuration-method after -->
              <div class="configuration-method before">
                <span class="method-name">setUp</span>
                <span class="method-start">33676 ms</span>
              </div> <!-- configuration-method before -->
              <div class="test-method">
                <span class="method-name">VerifycompareProducts</span>
                <span class="method-start">41188 ms</span>
              </div> <!-- test-method -->
              <div class="configuration-method after">
                <span class="method-name">setResults([TestResult name=VerifycompareProducts status=SUCCESS method=TestCases.VerifycompareProducts()[pri:4...)</span>
                <span class="method-start">49634 ms</span>
              </div> <!-- configuration-method after -->
              <div class="configuration-method before">
                <span class="method-name">setUp</span>
                <span class="method-start">51307 ms</span>
              </div> <!-- configuration-method before -->
              <div class="test-method">
                <span class="method-name">AccountCreationTest(ddd, a, eee, ddd.eee@yahoo.com, murlee75, murlee75)</span>
                <span class="method-start">58449 ms</span>
              </div> <!-- test-method -->
              <div class="configuration-method after">
                <span class="method-name">setResults([TestResult name=AccountCreationTest status=SKIP method=TestCases.AccountCreationTest(java.lang.Stri...)</span>
                <span class="method-start">81703 ms</span>
              </div> <!-- configuration-method after -->
              <div class="configuration-method before">
                <span class="method-name">setUp</span>
                <span class="method-start">82643 ms</span>
              </div> <!-- configuration-method before -->
              <div class="test-method">
                <span class="method-name">AccountCreationTest(ddd, a, eee, ddd.eee@yahoo.com, murlee75, murlee75)</span>
                <span class="method-start">90178 ms</span>
              </div> <!-- test-method -->
              <div class="configuration-method after">
                <span class="method-name">setResults([TestResult name=AccountCreationTest status=SKIP method=TestCases.AccountCreationTest(java.lang.Stri...)</span>
                <span class="method-start">113183 ms</span>
              </div> <!-- configuration-method after -->
              <div class="configuration-method before">
                <span class="method-name">setUp</span>
                <span class="method-start">114101 ms</span>
              </div> <!-- configuration-method before -->
              <div class="test-method">
                <span class="method-name">AccountCreationTest(ddd, a, eee, ddd.eee@yahoo.com, murlee75, murlee75)</span>
                <span class="method-start">121628 ms</span>
              </div> <!-- test-method -->
              <div class="configuration-method after">
                <span class="method-name">setResults([TestResult name=AccountCreationTest status=SKIP method=TestCases.AccountCreationTest(java.lang.Stri...)</span>
                <span class="method-start">144608 ms</span>
              </div> <!-- configuration-method after -->
              <div class="configuration-method before">
                <span class="method-name">setUp</span>
                <span class="method-start">145576 ms</span>
              </div> <!-- configuration-method before -->
              <div class="test-method">
                <img src="failed.png">
                </img>
                <span class="method-name">AccountCreationTest(ddd, a, eee, ddd.eee@yahoo.com, murlee75, murlee75)</span>
                <span class="method-start">153095 ms</span>
              </div> <!-- test-method -->
              <div class="configuration-method after">
                <span class="method-name">setResults([TestResult name=AccountCreationTest status=FAILURE method=TestCases.AccountCreationTest(java.lang.S...)</span>
                <span class="method-start">176364 ms</span>
              </div> <!-- configuration-method after -->
              <div class="configuration-method before">
                <span class="method-name">setUp</span>
                <span class="method-start">177332 ms</span>
              </div> <!-- configuration-method before -->
              <div class="test-method">
                <span class="method-name">PurchaseProduct</span>
                <span class="method-start">184863 ms</span>
              </div> <!-- test-method -->
              <div class="configuration-method after">
                <span class="method-name">setResults([TestResult name=PurchaseProduct status=SUCCESS method=TestCases.PurchaseProduct()[pri:6, instance:T...)</span>
                <span class="method-start">194580 ms</span>
              </div> <!-- configuration-method after -->
              <div class="configuration-method before">
                <span class="method-name">setUp</span>
                <span class="method-start">195568 ms</span>
              </div> <!-- configuration-method before -->
              <div class="test-method">
                <span class="method-name">PDFFile</span>
                <span class="method-start">203052 ms</span>
              </div> <!-- test-method -->
              <div class="configuration-method after">
                <span class="method-name">setResults([TestResult name=PDFFile status=SUCCESS method=TestCases.PDFFile()[pri:7, instance:TestCaseTests.Tes...)</span>
                <span class="method-start">212108 ms</span>
              </div> <!-- configuration-method after -->
              <div class="configuration-method before">
                <span class="method-name">setUp</span>
                <span class="method-start">213108 ms</span>
              </div> <!-- configuration-method before -->
              <div class="test-method">
                <span class="method-name">ReOrder</span>
                <span class="method-start">220615 ms</span>
              </div> <!-- test-method -->
              <div class="configuration-method after">
                <span class="method-name">setResults([TestResult name=ReOrder status=SUCCESS method=TestCases.ReOrder()[pri:8, instance:TestCaseTests.Tes...)</span>
                <span class="method-start">227456 ms</span>
              </div> <!-- configuration-method after -->
              <div class="configuration-method before">
                <span class="method-name">setUp</span>
                <span class="method-start">228429 ms</span>
              </div> <!-- configuration-method before -->
              <div class="test-method">
                <span class="method-name">VerifyGrandTotalDiscountCoupon</span>
                <span class="method-start">235958 ms</span>
              </div> <!-- test-method -->
              <div class="configuration-method after">
                <span class="method-name">setResults([TestResult name=VerifyGrandTotalDiscountCoupon status=SUCCESS method=TestCases.VerifyGrandTotalDisc...)</span>
                <span class="method-start">237861 ms</span>
              </div> <!-- configuration-method after -->
            </div> <!-- chronological-class -->
            <div class="chronological-class">
              <div class="chronological-class-name">TestCaseTests.BackendTestCases</div> <!-- chronological-class-name -->
              <div class="configuration-method before">
                <span class="method-name">setUp</span>
                <span class="method-start">239033 ms</span>
              </div> <!-- configuration-method before -->
              <div class="test-method">
                <span class="method-name">Email_Report</span>
                <span class="method-start">245923 ms</span>
              </div> <!-- test-method -->
              <div class="configuration-method after">
                <span class="method-name">setResults([TestResult name=Email_Report status=SUCCESS method=BackendTestCases.Email_Report()[pri:10, instance...)</span>
                <span class="method-start">255111 ms</span>
              </div> <!-- configuration-method after -->
              <div class="configuration-method before">
                <span class="method-name">setUp</span>
                <span class="method-start">256292 ms</span>
              </div> <!-- configuration-method before -->
              <div class="test-method">
                <span class="method-name">Print_Invoices</span>
                <span class="method-start">263583 ms</span>
              </div> <!-- test-method -->
              <div class="configuration-method after">
                <span class="method-name">setResults([TestResult name=Print_Invoices status=SUCCESS method=BackendTestCases.Print_Invoices()[pri:11, inst...)</span>
                <span class="method-start">273837 ms</span>
              </div> <!-- configuration-method after -->
              <div class="configuration-method before">
                <span class="method-name">setUp</span>
                <span class="method-start">274920 ms</span>
              </div> <!-- configuration-method before -->
              <div class="test-method">
                <span class="method-name">Sort_Functionality</span>
                <span class="method-start">282337 ms</span>
              </div> <!-- test-method -->
              <div class="configuration-method after">
                <span class="method-name">setResults([TestResult name=Sort_Functionality status=SUCCESS method=BackendTestCases.Sort_Functionality()[pri:...)</span>
                <span class="method-start">284579 ms</span>
              </div> <!-- configuration-method after -->
              <div class="configuration-method before">
                <span class="method-name">setUp</span>
                <span class="method-start">285455 ms</span>
              </div> <!-- configuration-method before -->
              <div class="test-method">
                <span class="method-name">Verify_DisabledFields</span>
                <span class="method-start">292702 ms</span>
              </div> <!-- test-method -->
              <div class="configuration-method after">
                <span class="method-name">setResults([TestResult name=Verify_DisabledFields status=SKIP method=BackendTestCases.Verify_DisabledFields()[p...)</span>
                <span class="method-start">294205 ms</span>
              </div> <!-- configuration-method after -->
              <div class="configuration-method before">
                <span class="method-name">setUp</span>
                <span class="method-start">295067 ms</span>
              </div> <!-- configuration-method before -->
              <div class="test-method">
                <span class="method-name">Verify_DisabledFields</span>
                <span class="method-start">302372 ms</span>
              </div> <!-- test-method -->
              <div class="configuration-method after">
                <span class="method-name">setResults([TestResult name=Verify_DisabledFields status=SUCCESS method=BackendTestCases.Verify_DisabledFields(...)</span>
                <span class="method-start">305092 ms</span>
              </div> <!-- configuration-method after -->
              <div class="configuration-suite after">
                <span class="method-name">endReport</span>
                <span class="method-start">306044 ms</span>
              </div> <!-- configuration-suite after -->
          </div> <!-- main-panel-content rounded-window-bottom -->
        </div> <!-- panel -->
      </div> <!-- main-panel-root -->
    </div> <!-- wrapper -->
  </body>
</html>
