<?xml version="1.0" encoding="UTF-8"?>
<testng-results skipped="4" failed="1" ignored="1" total="18" passed="12">
  <reporter-output>
    <line>
      <![CDATA[<br><img src=C:\seleniumProject\ecommerceheight-'400' width-'400'/><br>]]>
    </line>
    <line>
      <![CDATA[<br><img src=C:\seleniumProject\ecommerceheight-'400' width-'400'/><br>]]>
    </line>
    <line>
      <![CDATA[<br><img src=C:\seleniumProject\ecommerceheight-'400' width-'400'/><br>]]>
    </line>
    <line>
      <![CDATA[<br><img src=C:\seleniumProject\ecommerceheight-'400' width-'400'/><br>]]>
    </line>
    <line>
      <![CDATA[<br><img src=C:\seleniumProject\ecommerceheight-'400' width-'400'/><br>]]>
    </line>
    <line>
      <![CDATA[<br><img src=C:\seleniumProject\ecommerceheight-'400' width-'400'/><br>]]>
    </line>
    <line>
      <![CDATA[<br><img src=C:\seleniumProject\ecommerceheight-'400' width-'400'/><br>]]>
    </line>
    <line>
      <![CDATA[<br><img src=C:\seleniumProject\ecommerceheight-'400' width-'400'/><br>]]>
    </line>
    <line>
      <![CDATA[<br><img src=C:\seleniumProject\ecommerceheight-'400' width-'400'/><br>]]>
    </line>
    <line>
      <![CDATA[<br><img src=C:\seleniumProject\ecommerceheight-'400' width-'400'/><br>]]>
    </line>
    <line>
      <![CDATA[<br><img src=C:\seleniumProject\ecommerceheight-'400' width-'400'/><br>]]>
    </line>
  </reporter-output>
  <suite name="Test Automation Test Suite" duration-ms="305755" started-at="2018-10-07T19:43:26Z" finished-at="2018-10-07T19:48:32Z">
    <groups>
    </groups>
    <test name="TestCases" duration-ms="238697" started-at="2018-10-07T19:43:26Z" finished-at="2018-10-07T19:47:25Z">
      <class name="TestCaseTests.TestCases">
        <test-method status="PASS" signature="setUp()[pri:0, instance:TestCaseTests.TestCases@53b32d7]" name="setUp" is-config="true" duration-ms="9622" started-at="2018-10-07T14:43:26Z" finished-at="2018-10-07T14:43:36Z">
          <reporter-output>
          </reporter-output>
        </test-method> <!-- setUp -->
        <test-method status="PASS" signature="homePageTitleTest()[pri:1, instance:TestCaseTests.TestCases@53b32d7]" name="homePageTitleTest" duration-ms="1187" started-at="2018-10-07T14:43:36Z" finished-at="2018-10-07T14:43:37Z">
          <reporter-output>
          </reporter-output>
        </test-method> <!-- homePageTitleTest -->
        <test-method status="PASS" signature="setResults(org.testng.ITestResult)[pri:0, instance:TestCaseTests.TestCases@53b32d7]" name="setResults" is-config="true" duration-ms="1047" started-at="2018-10-07T14:43:37Z" finished-at="2018-10-07T14:43:38Z">
          <params>
            <param index="0">
              <value>
                <![CDATA[[TestResult name=homePageTitleTest status=SUCCESS method=TestCases.homePageTitleTest()[pri:1, instance:TestCaseTests.TestCases@53b32d7] output={null}]]]>
              </value>
            </param>
          </params>
          <reporter-output>
          </reporter-output>
        </test-method> <!-- setResults -->
        <test-method status="PASS" signature="setUp()[pri:0, instance:TestCaseTests.TestCases@53b32d7]" name="setUp" is-config="true" duration-ms="7469" started-at="2018-10-07T14:43:38Z" finished-at="2018-10-07T14:43:46Z">
          <reporter-output>
          </reporter-output>
        </test-method> <!-- setUp -->
        <test-method status="PASS" signature="VerifyCostinTwoPages()[pri:2, instance:TestCaseTests.TestCases@53b32d7]" name="VerifyCostinTwoPages" duration-ms="1485" started-at="2018-10-07T14:43:46Z" finished-at="2018-10-07T14:43:47Z">
          <reporter-output>
          </reporter-output>
        </test-method> <!-- VerifyCostinTwoPages -->
        <test-method status="PASS" signature="setResults(org.testng.ITestResult)[pri:0, instance:TestCaseTests.TestCases@53b32d7]" name="setResults" is-config="true" duration-ms="871" started-at="2018-10-07T14:43:47Z" finished-at="2018-10-07T14:43:48Z">
          <params>
            <param index="0">
              <value>
                <![CDATA[[TestResult name=VerifyCostinTwoPages status=SUCCESS method=TestCases.VerifyCostinTwoPages()[pri:2, instance:TestCaseTests.TestCases@53b32d7] output={null}]]]>
              </value>
            </param>
          </params>
          <reporter-output>
          </reporter-output>
        </test-method> <!-- setResults -->
        <test-method status="PASS" signature="setUp()[pri:0, instance:TestCaseTests.TestCases@53b32d7]" name="setUp" is-config="true" duration-ms="7870" started-at="2018-10-07T14:43:48Z" finished-at="2018-10-07T14:43:56Z">
          <reporter-output>
          </reporter-output>
        </test-method> <!-- setUp -->
        <test-method status="PASS" signature="ErrorVerificationTest()[pri:3, instance:TestCaseTests.TestCases@53b32d7]" name="ErrorVerificationTest" duration-ms="2860" started-at="2018-10-07T14:43:56Z" finished-at="2018-10-07T14:43:59Z">
          <reporter-output>
          </reporter-output>
        </test-method> <!-- ErrorVerificationTest -->
        <test-method status="PASS" signature="setResults(org.testng.ITestResult)[pri:0, instance:TestCaseTests.TestCases@53b32d7]" name="setResults" is-config="true" duration-ms="978" started-at="2018-10-07T14:43:59Z" finished-at="2018-10-07T14:44:00Z">
          <params>
            <param index="0">
              <value>
                <![CDATA[[TestResult name=ErrorVerificationTest status=SUCCESS method=TestCases.ErrorVerificationTest()[pri:3, instance:TestCaseTests.TestCases@53b32d7] output={null}]]]>
              </value>
            </param>
          </params>
          <reporter-output>
          </reporter-output>
        </test-method> <!-- setResults -->
        <test-method status="PASS" signature="setUp()[pri:0, instance:TestCaseTests.TestCases@53b32d7]" name="setUp" is-config="true" duration-ms="7512" started-at="2018-10-07T14:44:00Z" finished-at="2018-10-07T14:44:07Z">
          <reporter-output>
          </reporter-output>
        </test-method> <!-- setUp -->
        <test-method status="PASS" signature="VerifycompareProducts()[pri:4, instance:TestCaseTests.TestCases@53b32d7]" name="VerifycompareProducts" duration-ms="8442" started-at="2018-10-07T14:44:07Z" finished-at="2018-10-07T14:44:16Z">
          <reporter-output>
            <line>
              <![CDATA[<br><img src=C:\seleniumProject\ecommerceheight-'400' width-'400'/><br>]]>
            </line>
            <line>
              <![CDATA[<br><img src=C:\seleniumProject\ecommerceheight-'400' width-'400'/><br>]]>
            </line>
          </reporter-output>
        </test-method> <!-- VerifycompareProducts -->
        <test-method status="PASS" signature="setResults(org.testng.ITestResult)[pri:0, instance:TestCaseTests.TestCases@53b32d7]" name="setResults" is-config="true" duration-ms="859" started-at="2018-10-07T14:44:16Z" finished-at="2018-10-07T14:44:17Z">
          <params>
            <param index="0">
              <value>
                <![CDATA[[TestResult name=VerifycompareProducts status=SUCCESS method=TestCases.VerifycompareProducts()[pri:4, instance:TestCaseTests.TestCases@53b32d7] output=<br><img src=C:\seleniumProject\ecommerceheight-'400' width-'400'/><br>]]]>
              </value>
            </param>
          </params>
          <reporter-output>
          </reporter-output>
        </test-method> <!-- setResults -->
        <test-method status="PASS" signature="setUp()[pri:0, instance:TestCaseTests.TestCases@53b32d7]" name="setUp" is-config="true" duration-ms="7142" started-at="2018-10-07T14:44:17Z" finished-at="2018-10-07T14:44:25Z">
          <reporter-output>
          </reporter-output>
        </test-method> <!-- setUp -->
        <test-method status="SKIP" signature="AccountCreationTest(java.lang.String, java.lang.String, java.lang.String, java.lang.String, java.lang.String, java.lang.String)[pri:5, instance:TestCaseTests.TestCases@53b32d7]" name="AccountCreationTest" duration-ms="23250" started-at="2018-10-07T14:44:25Z" data-provider="GetData" finished-at="2018-10-07T14:44:48Z">
          <params>
            <param index="0">
              <value>
                <![CDATA[ddd]]>
              </value>
            </param>
            <param index="1">
              <value>
                <![CDATA[a]]>
              </value>
            </param>
            <param index="2">
              <value>
                <![CDATA[eee]]>
              </value>
            </param>
            <param index="3">
              <value>
                <![CDATA[ddd.eee@yahoo.com]]>
              </value>
            </param>
            <param index="4">
              <value>
                <![CDATA[murlee75]]>
              </value>
            </param>
            <param index="5">
              <value>
                <![CDATA[murlee75]]>
              </value>
            </param>
          </params>
          <exception class="org.openqa.selenium.NoSuchElementException">
            <message>
              <![CDATA[Unable to locate element: //button[@title='Share Wishlist']
For documentation on this error, please visit: http://seleniumhq.org/exceptions/no_such_element.html
Build info: version: '3.14.0', revision: 'aacccce0', time: '2018-08-02T20:19:58.91Z'
System info: host: 'DESKTOP-3ND57S0', ip: '192.168.1.193', os.name: 'Windows 10', os.arch: 'amd64', os.version: '10.0', java.version: '1.8.0_181'
Driver info: org.openqa.selenium.firefox.FirefoxDriver
Capabilities {acceptInsecureCerts: true, browserName: firefox, browserVersion: 62.0.3, javascriptEnabled: true, moz:accessibilityChecks: false, moz:headless: false, moz:processID: 18468, moz:profile: C:\Users\Murali\AppData\Loc..., moz:useNonSpecCompliantPointerOrigin: false, moz:webdriverClick: true, pageLoadStrategy: normal, platform: XP, platformName: XP, platformVersion: 10.0, rotatable: false, timeouts: {implicit: 0, pageLoad: 300000, script: 30000}}
Session ID: 9a582c45-458d-472a-b62d-2d22baa2e8c1
*** Element info: {Using=xpath, value=//button[@title='Share Wishlist']}]]>
            </message>
            <full-stacktrace>
              <![CDATA[org.openqa.selenium.NoSuchElementException: Unable to locate element: //button[@title='Share Wishlist']
For documentation on this error, please visit: http://seleniumhq.org/exceptions/no_such_element.html
Build info: version: '3.14.0', revision: 'aacccce0', time: '2018-08-02T20:19:58.91Z'
System info: host: 'DESKTOP-3ND57S0', ip: '192.168.1.193', os.name: 'Windows 10', os.arch: 'amd64', os.version: '10.0', java.version: '1.8.0_181'
Driver info: org.openqa.selenium.firefox.FirefoxDriver
Capabilities {acceptInsecureCerts: true, browserName: firefox, browserVersion: 62.0.3, javascriptEnabled: true, moz:accessibilityChecks: false, moz:headless: false, moz:processID: 18468, moz:profile: C:\Users\Murali\AppData\Loc..., moz:useNonSpecCompliantPointerOrigin: false, moz:webdriverClick: true, pageLoadStrategy: normal, platform: XP, platformName: XP, platformVersion: 10.0, rotatable: false, timeouts: {implicit: 0, pageLoad: 300000, script: 30000}}
Session ID: 9a582c45-458d-472a-b62d-2d22baa2e8c1
*** Element info: {Using=xpath, value=//button[@title='Share Wishlist']}
	at sun.reflect.NativeConstructorAccessorImpl.newInstance0(Native Method)
	at sun.reflect.NativeConstructorAccessorImpl.newInstance(Unknown Source)
	at sun.reflect.DelegatingConstructorAccessorImpl.newInstance(Unknown Source)
	at java.lang.reflect.Constructor.newInstance(Unknown Source)
	at org.openqa.selenium.remote.http.W3CHttpResponseCodec.createException(W3CHttpResponseCodec.java:187)
	at org.openqa.selenium.remote.http.W3CHttpResponseCodec.decode(W3CHttpResponseCodec.java:122)
	at org.openqa.selenium.remote.http.W3CHttpResponseCodec.decode(W3CHttpResponseCodec.java:49)
	at org.openqa.selenium.remote.HttpCommandExecutor.execute(HttpCommandExecutor.java:158)
	at org.openqa.selenium.remote.service.DriverCommandExecutor.execute(DriverCommandExecutor.java:83)
	at org.openqa.selenium.remote.RemoteWebDriver.execute(RemoteWebDriver.java:548)
	at org.openqa.selenium.remote.RemoteWebDriver.findElement(RemoteWebDriver.java:322)
	at org.openqa.selenium.remote.RemoteWebDriver.findElementByXPath(RemoteWebDriver.java:424)
	at org.openqa.selenium.By$ByXPath.findElement(By.java:353)
	at org.openqa.selenium.remote.RemoteWebDriver.findElement(RemoteWebDriver.java:314)
	at sun.reflect.GeneratedMethodAccessor5.invoke(Unknown Source)
	at sun.reflect.DelegatingMethodAccessorImpl.invoke(Unknown Source)
	at java.lang.reflect.Method.invoke(Unknown Source)
	at org.openqa.selenium.support.events.EventFiringWebDriver.lambda$new$1(EventFiringWebDriver.java:105)
	at com.sun.proxy.$Proxy10.findElement(Unknown Source)
	at org.openqa.selenium.support.events.EventFiringWebDriver.findElement(EventFiringWebDriver.java:194)
	at org.openqa.selenium.support.pagefactory.DefaultElementLocator.findElement(DefaultElementLocator.java:69)
	at org.openqa.selenium.support.pagefactory.internal.LocatingElementHandler.invoke(LocatingElementHandler.java:38)
	at com.sun.proxy.$Proxy14.click(Unknown Source)
	at webPages.MyWishListPage.ClickShareWishListBtn(MyWishListPage.java:37)
	at TestCaseTests.TestCases.AccountCreationTest(TestCases.java:202)
	at sun.reflect.NativeMethodAccessorImpl.invoke0(Native Method)
	at sun.reflect.NativeMethodAccessorImpl.invoke(Unknown Source)
	at sun.reflect.DelegatingMethodAccessorImpl.invoke(Unknown Source)
	at java.lang.reflect.Method.invoke(Unknown Source)
	at org.testng.internal.MethodInvocationHelper.invokeMethod(MethodInvocationHelper.java:108)
	at org.testng.internal.Invoker.invokeMethod(Invoker.java:661)
	at org.testng.internal.Invoker.invokeTestMethod(Invoker.java:869)
	at org.testng.internal.Invoker.invokeTestMethods(Invoker.java:1193)
	at org.testng.internal.TestMethodWorker.invokeTestMethods(TestMethodWorker.java:126)
	at org.testng.internal.TestMethodWorker.run(TestMethodWorker.java:109)
	at org.testng.TestRunner.privateRun(TestRunner.java:744)
	at org.testng.TestRunner.run(TestRunner.java:602)
	at org.testng.SuiteRunner.runTest(SuiteRunner.java:380)
	at org.testng.SuiteRunner.runSequentially(SuiteRunner.java:375)
	at org.testng.SuiteRunner.privateRun(SuiteRunner.java:340)
	at org.testng.SuiteRunner.run(SuiteRunner.java:289)
	at org.testng.SuiteRunnerWorker.runSuite(SuiteRunnerWorker.java:52)
	at org.testng.SuiteRunnerWorker.run(SuiteRunnerWorker.java:86)
	at org.testng.TestNG.runSuitesSequentially(TestNG.java:1301)
	at org.testng.TestNG.runSuitesLocally(TestNG.java:1226)
	at org.testng.TestNG.runSuites(TestNG.java:1144)
	at org.testng.TestNG.run(TestNG.java:1115)
	at org.testng.remote.AbstractRemoteTestNG.run(AbstractRemoteTestNG.java:114)
	at org.testng.remote.RemoteTestNG.initAndRun(RemoteTestNG.java:251)
	at org.testng.remote.RemoteTestNG.main(RemoteTestNG.java:77)
]]>
            </full-stacktrace>
          </exception> <!-- org.openqa.selenium.NoSuchElementException -->
          <reporter-output>
            <line>
              <![CDATA[<br><img src=C:\seleniumProject\ecommerceheight-'400' width-'400'/><br>]]>
            </line>
          </reporter-output>
        </test-method> <!-- AccountCreationTest -->
        <test-method status="PASS" signature="setResults(org.testng.ITestResult)[pri:0, instance:TestCaseTests.TestCases@53b32d7]" name="setResults" is-config="true" duration-ms="895" started-at="2018-10-07T14:44:48Z" finished-at="2018-10-07T14:44:49Z">
          <params>
            <param index="0">
              <value>
                <![CDATA[[TestResult name=AccountCreationTest status=SKIP method=TestCases.AccountCreationTest(java.lang.String, java.lang.String, java.lang.String, java.lang.String, java.lang.String, java.lang.String)[pri:5, instance:TestCaseTests.TestCases@53b32d7] output=<br><img src=C:\seleniumProject\ecommerceheight-'400' width-'400'/><br>]]]>
              </value>
            </param>
          </params>
          <reporter-output>
          </reporter-output>
        </test-method> <!-- setResults -->
        <test-method status="PASS" signature="setUp()[pri:0, instance:TestCaseTests.TestCases@53b32d7]" name="setUp" is-config="true" duration-ms="7535" started-at="2018-10-07T14:44:49Z" finished-at="2018-10-07T14:44:56Z">
          <reporter-output>
          </reporter-output>
        </test-method> <!-- setUp -->
        <test-method status="SKIP" signature="AccountCreationTest(java.lang.String, java.lang.String, java.lang.String, java.lang.String, java.lang.String, java.lang.String)[pri:5, instance:TestCaseTests.TestCases@53b32d7]" name="AccountCreationTest" duration-ms="23004" started-at="2018-10-07T14:44:56Z" data-provider="GetData" finished-at="2018-10-07T14:45:19Z">
          <params>
            <param index="0">
              <value>
                <![CDATA[ddd]]>
              </value>
            </param>
            <param index="1">
              <value>
                <![CDATA[a]]>
              </value>
            </param>
            <param index="2">
              <value>
                <![CDATA[eee]]>
              </value>
            </param>
            <param index="3">
              <value>
                <![CDATA[ddd.eee@yahoo.com]]>
              </value>
            </param>
            <param index="4">
              <value>
                <![CDATA[murlee75]]>
              </value>
            </param>
            <param index="5">
              <value>
                <![CDATA[murlee75]]>
              </value>
            </param>
          </params>
          <exception class="org.openqa.selenium.NoSuchElementException">
            <message>
              <![CDATA[Unable to locate element: //button[@title='Share Wishlist']
For documentation on this error, please visit: http://seleniumhq.org/exceptions/no_such_element.html
Build info: version: '3.14.0', revision: 'aacccce0', time: '2018-08-02T20:19:58.91Z'
System info: host: 'DESKTOP-3ND57S0', ip: '192.168.1.193', os.name: 'Windows 10', os.arch: 'amd64', os.version: '10.0', java.version: '1.8.0_181'
Driver info: org.openqa.selenium.firefox.FirefoxDriver
Capabilities {acceptInsecureCerts: true, browserName: firefox, browserVersion: 62.0.3, javascriptEnabled: true, moz:accessibilityChecks: false, moz:headless: false, moz:processID: 18116, moz:profile: C:\Users\Murali\AppData\Loc..., moz:useNonSpecCompliantPointerOrigin: false, moz:webdriverClick: true, pageLoadStrategy: normal, platform: XP, platformName: XP, platformVersion: 10.0, rotatable: false, timeouts: {implicit: 0, pageLoad: 300000, script: 30000}}
Session ID: c131fa3c-0e02-4ad7-814f-2b99cbb27b81
*** Element info: {Using=xpath, value=//button[@title='Share Wishlist']}]]>
            </message>
            <full-stacktrace>
              <![CDATA[org.openqa.selenium.NoSuchElementException: Unable to locate element: //button[@title='Share Wishlist']
For documentation on this error, please visit: http://seleniumhq.org/exceptions/no_such_element.html
Build info: version: '3.14.0', revision: 'aacccce0', time: '2018-08-02T20:19:58.91Z'
System info: host: 'DESKTOP-3ND57S0', ip: '192.168.1.193', os.name: 'Windows 10', os.arch: 'amd64', os.version: '10.0', java.version: '1.8.0_181'
Driver info: org.openqa.selenium.firefox.FirefoxDriver
Capabilities {acceptInsecureCerts: true, browserName: firefox, browserVersion: 62.0.3, javascriptEnabled: true, moz:accessibilityChecks: false, moz:headless: false, moz:processID: 18116, moz:profile: C:\Users\Murali\AppData\Loc..., moz:useNonSpecCompliantPointerOrigin: false, moz:webdriverClick: true, pageLoadStrategy: normal, platform: XP, platformName: XP, platformVersion: 10.0, rotatable: false, timeouts: {implicit: 0, pageLoad: 300000, script: 30000}}
Session ID: c131fa3c-0e02-4ad7-814f-2b99cbb27b81
*** Element info: {Using=xpath, value=//button[@title='Share Wishlist']}
	at sun.reflect.NativeConstructorAccessorImpl.newInstance0(Native Method)
	at sun.reflect.NativeConstructorAccessorImpl.newInstance(Unknown Source)
	at sun.reflect.DelegatingConstructorAccessorImpl.newInstance(Unknown Source)
	at java.lang.reflect.Constructor.newInstance(Unknown Source)
	at org.openqa.selenium.remote.http.W3CHttpResponseCodec.createException(W3CHttpResponseCodec.java:187)
	at org.openqa.selenium.remote.http.W3CHttpResponseCodec.decode(W3CHttpResponseCodec.java:122)
	at org.openqa.selenium.remote.http.W3CHttpResponseCodec.decode(W3CHttpResponseCodec.java:49)
	at org.openqa.selenium.remote.HttpCommandExecutor.execute(HttpCommandExecutor.java:158)
	at org.openqa.selenium.remote.service.DriverCommandExecutor.execute(DriverCommandExecutor.java:83)
	at org.openqa.selenium.remote.RemoteWebDriver.execute(RemoteWebDriver.java:548)
	at org.openqa.selenium.remote.RemoteWebDriver.findElement(RemoteWebDriver.java:322)
	at org.openqa.selenium.remote.RemoteWebDriver.findElementByXPath(RemoteWebDriver.java:424)
	at org.openqa.selenium.By$ByXPath.findElement(By.java:353)
	at org.openqa.selenium.remote.RemoteWebDriver.findElement(RemoteWebDriver.java:314)
	at sun.reflect.GeneratedMethodAccessor5.invoke(Unknown Source)
	at sun.reflect.DelegatingMethodAccessorImpl.invoke(Unknown Source)
	at java.lang.reflect.Method.invoke(Unknown Source)
	at org.openqa.selenium.support.events.EventFiringWebDriver.lambda$new$1(EventFiringWebDriver.java:105)
	at com.sun.proxy.$Proxy10.findElement(Unknown Source)
	at org.openqa.selenium.support.events.EventFiringWebDriver.findElement(EventFiringWebDriver.java:194)
	at org.openqa.selenium.support.pagefactory.DefaultElementLocator.findElement(DefaultElementLocator.java:69)
	at org.openqa.selenium.support.pagefactory.internal.LocatingElementHandler.invoke(LocatingElementHandler.java:38)
	at com.sun.proxy.$Proxy14.click(Unknown Source)
	at webPages.MyWishListPage.ClickShareWishListBtn(MyWishListPage.java:37)
	at TestCaseTests.TestCases.AccountCreationTest(TestCases.java:202)
	at sun.reflect.NativeMethodAccessorImpl.invoke0(Native Method)
	at sun.reflect.NativeMethodAccessorImpl.invoke(Unknown Source)
	at sun.reflect.DelegatingMethodAccessorImpl.invoke(Unknown Source)
	at java.lang.reflect.Method.invoke(Unknown Source)
	at org.testng.internal.MethodInvocationHelper.invokeMethod(MethodInvocationHelper.java:108)
	at org.testng.internal.Invoker.invokeMethod(Invoker.java:661)
	at org.testng.internal.Invoker.retryFailed(Invoker.java:1014)
	at org.testng.internal.Invoker.invokeTestMethods(Invoker.java:1215)
	at org.testng.internal.TestMethodWorker.invokeTestMethods(TestMethodWorker.java:126)
	at org.testng.internal.TestMethodWorker.run(TestMethodWorker.java:109)
	at org.testng.TestRunner.privateRun(TestRunner.java:744)
	at org.testng.TestRunner.run(TestRunner.java:602)
	at org.testng.SuiteRunner.runTest(SuiteRunner.java:380)
	at org.testng.SuiteRunner.runSequentially(SuiteRunner.java:375)
	at org.testng.SuiteRunner.privateRun(SuiteRunner.java:340)
	at org.testng.SuiteRunner.run(SuiteRunner.java:289)
	at org.testng.SuiteRunnerWorker.runSuite(SuiteRunnerWorker.java:52)
	at org.testng.SuiteRunnerWorker.run(SuiteRunnerWorker.java:86)
	at org.testng.TestNG.runSuitesSequentially(TestNG.java:1301)
	at org.testng.TestNG.runSuitesLocally(TestNG.java:1226)
	at org.testng.TestNG.runSuites(TestNG.java:1144)
	at org.testng.TestNG.run(TestNG.java:1115)
	at org.testng.remote.AbstractRemoteTestNG.run(AbstractRemoteTestNG.java:114)
	at org.testng.remote.RemoteTestNG.initAndRun(RemoteTestNG.java:251)
	at org.testng.remote.RemoteTestNG.main(RemoteTestNG.java:77)
]]>
            </full-stacktrace>
          </exception> <!-- org.openqa.selenium.NoSuchElementException -->
          <reporter-output>
            <line>
              <![CDATA[<br><img src=C:\seleniumProject\ecommerceheight-'400' width-'400'/><br>]]>
            </line>
          </reporter-output>
        </test-method> <!-- AccountCreationTest -->
        <test-method status="PASS" signature="setResults(org.testng.ITestResult)[pri:0, instance:TestCaseTests.TestCases@53b32d7]" name="setResults" is-config="true" duration-ms="879" started-at="2018-10-07T14:45:19Z" finished-at="2018-10-07T14:45:20Z">
          <params>
            <param index="0">
              <value>
                <![CDATA[[TestResult name=AccountCreationTest status=SKIP method=TestCases.AccountCreationTest(java.lang.String, java.lang.String, java.lang.String, java.lang.String, java.lang.String, java.lang.String)[pri:5, instance:TestCaseTests.TestCases@53b32d7] output=<br><img src=C:\seleniumProject\ecommerceheight-'400' width-'400'/><br>]]]>
              </value>
            </param>
          </params>
          <reporter-output>
          </reporter-output>
        </test-method> <!-- setResults -->
        <test-method status="PASS" signature="setUp()[pri:0, instance:TestCaseTests.TestCases@53b32d7]" name="setUp" is-config="true" duration-ms="7527" started-at="2018-10-07T14:45:20Z" finished-at="2018-10-07T14:45:28Z">
          <reporter-output>
          </reporter-output>
        </test-method> <!-- setUp -->
        <test-method status="SKIP" signature="AccountCreationTest(java.lang.String, java.lang.String, java.lang.String, java.lang.String, java.lang.String, java.lang.String)[pri:5, instance:TestCaseTests.TestCases@53b32d7]" name="AccountCreationTest" duration-ms="22979" started-at="2018-10-07T14:45:28Z" data-provider="GetData" finished-at="2018-10-07T14:45:51Z">
          <params>
            <param index="0">
              <value>
                <![CDATA[ddd]]>
              </value>
            </param>
            <param index="1">
              <value>
                <![CDATA[a]]>
              </value>
            </param>
            <param index="2">
              <value>
                <![CDATA[eee]]>
              </value>
            </param>
            <param index="3">
              <value>
                <![CDATA[ddd.eee@yahoo.com]]>
              </value>
            </param>
            <param index="4">
              <value>
                <![CDATA[murlee75]]>
              </value>
            </param>
            <param index="5">
              <value>
                <![CDATA[murlee75]]>
              </value>
            </param>
          </params>
          <exception class="org.openqa.selenium.NoSuchElementException">
            <message>
              <![CDATA[Unable to locate element: //button[@title='Share Wishlist']
For documentation on this error, please visit: http://seleniumhq.org/exceptions/no_such_element.html
Build info: version: '3.14.0', revision: 'aacccce0', time: '2018-08-02T20:19:58.91Z'
System info: host: 'DESKTOP-3ND57S0', ip: '192.168.1.193', os.name: 'Windows 10', os.arch: 'amd64', os.version: '10.0', java.version: '1.8.0_181'
Driver info: org.openqa.selenium.firefox.FirefoxDriver
Capabilities {acceptInsecureCerts: true, browserName: firefox, browserVersion: 62.0.3, javascriptEnabled: true, moz:accessibilityChecks: false, moz:headless: false, moz:processID: 16192, moz:profile: C:\Users\Murali\AppData\Loc..., moz:useNonSpecCompliantPointerOrigin: false, moz:webdriverClick: true, pageLoadStrategy: normal, platform: XP, platformName: XP, platformVersion: 10.0, rotatable: false, timeouts: {implicit: 0, pageLoad: 300000, script: 30000}}
Session ID: 4ff2d2ac-825e-4b75-ab45-310363c7fae6
*** Element info: {Using=xpath, value=//button[@title='Share Wishlist']}]]>
            </message>
            <full-stacktrace>
              <![CDATA[org.openqa.selenium.NoSuchElementException: Unable to locate element: //button[@title='Share Wishlist']
For documentation on this error, please visit: http://seleniumhq.org/exceptions/no_such_element.html
Build info: version: '3.14.0', revision: 'aacccce0', time: '2018-08-02T20:19:58.91Z'
System info: host: 'DESKTOP-3ND57S0', ip: '192.168.1.193', os.name: 'Windows 10', os.arch: 'amd64', os.version: '10.0', java.version: '1.8.0_181'
Driver info: org.openqa.selenium.firefox.FirefoxDriver
Capabilities {acceptInsecureCerts: true, browserName: firefox, browserVersion: 62.0.3, javascriptEnabled: true, moz:accessibilityChecks: false, moz:headless: false, moz:processID: 16192, moz:profile: C:\Users\Murali\AppData\Loc..., moz:useNonSpecCompliantPointerOrigin: false, moz:webdriverClick: true, pageLoadStrategy: normal, platform: XP, platformName: XP, platformVersion: 10.0, rotatable: false, timeouts: {implicit: 0, pageLoad: 300000, script: 30000}}
Session ID: 4ff2d2ac-825e-4b75-ab45-310363c7fae6
*** Element info: {Using=xpath, value=//button[@title='Share Wishlist']}
	at sun.reflect.NativeConstructorAccessorImpl.newInstance0(Native Method)
	at sun.reflect.NativeConstructorAccessorImpl.newInstance(Unknown Source)
	at sun.reflect.DelegatingConstructorAccessorImpl.newInstance(Unknown Source)
	at java.lang.reflect.Constructor.newInstance(Unknown Source)
	at org.openqa.selenium.remote.http.W3CHttpResponseCodec.createException(W3CHttpResponseCodec.java:187)
	at org.openqa.selenium.remote.http.W3CHttpResponseCodec.decode(W3CHttpResponseCodec.java:122)
	at org.openqa.selenium.remote.http.W3CHttpResponseCodec.decode(W3CHttpResponseCodec.java:49)
	at org.openqa.selenium.remote.HttpCommandExecutor.execute(HttpCommandExecutor.java:158)
	at org.openqa.selenium.remote.service.DriverCommandExecutor.execute(DriverCommandExecutor.java:83)
	at org.openqa.selenium.remote.RemoteWebDriver.execute(RemoteWebDriver.java:548)
	at org.openqa.selenium.remote.RemoteWebDriver.findElement(RemoteWebDriver.java:322)
	at org.openqa.selenium.remote.RemoteWebDriver.findElementByXPath(RemoteWebDriver.java:424)
	at org.openqa.selenium.By$ByXPath.findElement(By.java:353)
	at org.openqa.selenium.remote.RemoteWebDriver.findElement(RemoteWebDriver.java:314)
	at sun.reflect.GeneratedMethodAccessor5.invoke(Unknown Source)
	at sun.reflect.DelegatingMethodAccessorImpl.invoke(Unknown Source)
	at java.lang.reflect.Method.invoke(Unknown Source)
	at org.openqa.selenium.support.events.EventFiringWebDriver.lambda$new$1(EventFiringWebDriver.java:105)
	at com.sun.proxy.$Proxy10.findElement(Unknown Source)
	at org.openqa.selenium.support.events.EventFiringWebDriver.findElement(EventFiringWebDriver.java:194)
	at org.openqa.selenium.support.pagefactory.DefaultElementLocator.findElement(DefaultElementLocator.java:69)
	at org.openqa.selenium.support.pagefactory.internal.LocatingElementHandler.invoke(LocatingElementHandler.java:38)
	at com.sun.proxy.$Proxy14.click(Unknown Source)
	at webPages.MyWishListPage.ClickShareWishListBtn(MyWishListPage.java:37)
	at TestCaseTests.TestCases.AccountCreationTest(TestCases.java:202)
	at sun.reflect.NativeMethodAccessorImpl.invoke0(Native Method)
	at sun.reflect.NativeMethodAccessorImpl.invoke(Unknown Source)
	at sun.reflect.DelegatingMethodAccessorImpl.invoke(Unknown Source)
	at java.lang.reflect.Method.invoke(Unknown Source)
	at org.testng.internal.MethodInvocationHelper.invokeMethod(MethodInvocationHelper.java:108)
	at org.testng.internal.Invoker.invokeMethod(Invoker.java:661)
	at org.testng.internal.Invoker.retryFailed(Invoker.java:1014)
	at org.testng.internal.Invoker.invokeTestMethods(Invoker.java:1215)
	at org.testng.internal.TestMethodWorker.invokeTestMethods(TestMethodWorker.java:126)
	at org.testng.internal.TestMethodWorker.run(TestMethodWorker.java:109)
	at org.testng.TestRunner.privateRun(TestRunner.java:744)
	at org.testng.TestRunner.run(TestRunner.java:602)
	at org.testng.SuiteRunner.runTest(SuiteRunner.java:380)
	at org.testng.SuiteRunner.runSequentially(SuiteRunner.java:375)
	at org.testng.SuiteRunner.privateRun(SuiteRunner.java:340)
	at org.testng.SuiteRunner.run(SuiteRunner.java:289)
	at org.testng.SuiteRunnerWorker.runSuite(SuiteRunnerWorker.java:52)
	at org.testng.SuiteRunnerWorker.run(SuiteRunnerWorker.java:86)
	at org.testng.TestNG.runSuitesSequentially(TestNG.java:1301)
	at org.testng.TestNG.runSuitesLocally(TestNG.java:1226)
	at org.testng.TestNG.runSuites(TestNG.java:1144)
	at org.testng.TestNG.run(TestNG.java:1115)
	at org.testng.remote.AbstractRemoteTestNG.run(AbstractRemoteTestNG.java:114)
	at org.testng.remote.RemoteTestNG.initAndRun(RemoteTestNG.java:251)
	at org.testng.remote.RemoteTestNG.main(RemoteTestNG.java:77)
]]>
            </full-stacktrace>
          </exception> <!-- org.openqa.selenium.NoSuchElementException -->
          <reporter-output>
            <line>
              <![CDATA[<br><img src=C:\seleniumProject\ecommerceheight-'400' width-'400'/><br>]]>
            </line>
          </reporter-output>
        </test-method> <!-- AccountCreationTest -->
        <test-method status="PASS" signature="setResults(org.testng.ITestResult)[pri:0, instance:TestCaseTests.TestCases@53b32d7]" name="setResults" is-config="true" duration-ms="932" started-at="2018-10-07T14:45:51Z" finished-at="2018-10-07T14:45:52Z">
          <params>
            <param index="0">
              <value>
                <![CDATA[[TestResult name=AccountCreationTest status=SKIP method=TestCases.AccountCreationTest(java.lang.String, java.lang.String, java.lang.String, java.lang.String, java.lang.String, java.lang.String)[pri:5, instance:TestCaseTests.TestCases@53b32d7] output=<br><img src=C:\seleniumProject\ecommerceheight-'400' width-'400'/><br>]]]>
              </value>
            </param>
          </params>
          <reporter-output>
          </reporter-output>
        </test-method> <!-- setResults -->
        <test-method status="PASS" signature="setUp()[pri:0, instance:TestCaseTests.TestCases@53b32d7]" name="setUp" is-config="true" duration-ms="7518" started-at="2018-10-07T14:45:52Z" finished-at="2018-10-07T14:45:59Z">
          <reporter-output>
          </reporter-output>
        </test-method> <!-- setUp -->
        <test-method status="FAIL" signature="AccountCreationTest(java.lang.String, java.lang.String, java.lang.String, java.lang.String, java.lang.String, java.lang.String)[pri:5, instance:TestCaseTests.TestCases@53b32d7]" name="AccountCreationTest" duration-ms="23267" started-at="2018-10-07T14:45:59Z" data-provider="GetData" finished-at="2018-10-07T14:46:22Z">
          <params>
            <param index="0">
              <value>
                <![CDATA[ddd]]>
              </value>
            </param>
            <param index="1">
              <value>
                <![CDATA[a]]>
              </value>
            </param>
            <param index="2">
              <value>
                <![CDATA[eee]]>
              </value>
            </param>
            <param index="3">
              <value>
                <![CDATA[ddd.eee@yahoo.com]]>
              </value>
            </param>
            <param index="4">
              <value>
                <![CDATA[murlee75]]>
              </value>
            </param>
            <param index="5">
              <value>
                <![CDATA[murlee75]]>
              </value>
            </param>
          </params>
          <exception class="org.openqa.selenium.NoSuchElementException">
            <message>
              <![CDATA[Unable to locate element: //button[@title='Share Wishlist']
For documentation on this error, please visit: http://seleniumhq.org/exceptions/no_such_element.html
Build info: version: '3.14.0', revision: 'aacccce0', time: '2018-08-02T20:19:58.91Z'
System info: host: 'DESKTOP-3ND57S0', ip: '192.168.1.193', os.name: 'Windows 10', os.arch: 'amd64', os.version: '10.0', java.version: '1.8.0_181'
Driver info: org.openqa.selenium.firefox.FirefoxDriver
Capabilities {acceptInsecureCerts: true, browserName: firefox, browserVersion: 62.0.3, javascriptEnabled: true, moz:accessibilityChecks: false, moz:headless: false, moz:processID: 15024, moz:profile: C:\Users\Murali\AppData\Loc..., moz:useNonSpecCompliantPointerOrigin: false, moz:webdriverClick: true, pageLoadStrategy: normal, platform: XP, platformName: XP, platformVersion: 10.0, rotatable: false, timeouts: {implicit: 0, pageLoad: 300000, script: 30000}}
Session ID: 23d4710d-750e-4921-8901-c07674d281e0
*** Element info: {Using=xpath, value=//button[@title='Share Wishlist']}]]>
            </message>
            <full-stacktrace>
              <![CDATA[org.openqa.selenium.NoSuchElementException: Unable to locate element: //button[@title='Share Wishlist']
For documentation on this error, please visit: http://seleniumhq.org/exceptions/no_such_element.html
Build info: version: '3.14.0', revision: 'aacccce0', time: '2018-08-02T20:19:58.91Z'
System info: host: 'DESKTOP-3ND57S0', ip: '192.168.1.193', os.name: 'Windows 10', os.arch: 'amd64', os.version: '10.0', java.version: '1.8.0_181'
Driver info: org.openqa.selenium.firefox.FirefoxDriver
Capabilities {acceptInsecureCerts: true, browserName: firefox, browserVersion: 62.0.3, javascriptEnabled: true, moz:accessibilityChecks: false, moz:headless: false, moz:processID: 15024, moz:profile: C:\Users\Murali\AppData\Loc..., moz:useNonSpecCompliantPointerOrigin: false, moz:webdriverClick: true, pageLoadStrategy: normal, platform: XP, platformName: XP, platformVersion: 10.0, rotatable: false, timeouts: {implicit: 0, pageLoad: 300000, script: 30000}}
Session ID: 23d4710d-750e-4921-8901-c07674d281e0
*** Element info: {Using=xpath, value=//button[@title='Share Wishlist']}
	at sun.reflect.NativeConstructorAccessorImpl.newInstance0(Native Method)
	at sun.reflect.NativeConstructorAccessorImpl.newInstance(Unknown Source)
	at sun.reflect.DelegatingConstructorAccessorImpl.newInstance(Unknown Source)
	at java.lang.reflect.Constructor.newInstance(Unknown Source)
	at org.openqa.selenium.remote.http.W3CHttpResponseCodec.createException(W3CHttpResponseCodec.java:187)
	at org.openqa.selenium.remote.http.W3CHttpResponseCodec.decode(W3CHttpResponseCodec.java:122)
	at org.openqa.selenium.remote.http.W3CHttpResponseCodec.decode(W3CHttpResponseCodec.java:49)
	at org.openqa.selenium.remote.HttpCommandExecutor.execute(HttpCommandExecutor.java:158)
	at org.openqa.selenium.remote.service.DriverCommandExecutor.execute(DriverCommandExecutor.java:83)
	at org.openqa.selenium.remote.RemoteWebDriver.execute(RemoteWebDriver.java:548)
	at org.openqa.selenium.remote.RemoteWebDriver.findElement(RemoteWebDriver.java:322)
	at org.openqa.selenium.remote.RemoteWebDriver.findElementByXPath(RemoteWebDriver.java:424)
	at org.openqa.selenium.By$ByXPath.findElement(By.java:353)
	at org.openqa.selenium.remote.RemoteWebDriver.findElement(RemoteWebDriver.java:314)
	at sun.reflect.GeneratedMethodAccessor5.invoke(Unknown Source)
	at sun.reflect.DelegatingMethodAccessorImpl.invoke(Unknown Source)
	at java.lang.reflect.Method.invoke(Unknown Source)
	at org.openqa.selenium.support.events.EventFiringWebDriver.lambda$new$1(EventFiringWebDriver.java:105)
	at com.sun.proxy.$Proxy10.findElement(Unknown Source)
	at org.openqa.selenium.support.events.EventFiringWebDriver.findElement(EventFiringWebDriver.java:194)
	at org.openqa.selenium.support.pagefactory.DefaultElementLocator.findElement(DefaultElementLocator.java:69)
	at org.openqa.selenium.support.pagefactory.internal.LocatingElementHandler.invoke(LocatingElementHandler.java:38)
	at com.sun.proxy.$Proxy14.click(Unknown Source)
	at webPages.MyWishListPage.ClickShareWishListBtn(MyWishListPage.java:37)
	at TestCaseTests.TestCases.AccountCreationTest(TestCases.java:202)
	at sun.reflect.NativeMethodAccessorImpl.invoke0(Native Method)
	at sun.reflect.NativeMethodAccessorImpl.invoke(Unknown Source)
	at sun.reflect.DelegatingMethodAccessorImpl.invoke(Unknown Source)
	at java.lang.reflect.Method.invoke(Unknown Source)
	at org.testng.internal.MethodInvocationHelper.invokeMethod(MethodInvocationHelper.java:108)
	at org.testng.internal.Invoker.invokeMethod(Invoker.java:661)
	at org.testng.internal.Invoker.retryFailed(Invoker.java:1014)
	at org.testng.internal.Invoker.invokeTestMethods(Invoker.java:1215)
	at org.testng.internal.TestMethodWorker.invokeTestMethods(TestMethodWorker.java:126)
	at org.testng.internal.TestMethodWorker.run(TestMethodWorker.java:109)
	at org.testng.TestRunner.privateRun(TestRunner.java:744)
	at org.testng.TestRunner.run(TestRunner.java:602)
	at org.testng.SuiteRunner.runTest(SuiteRunner.java:380)
	at org.testng.SuiteRunner.runSequentially(SuiteRunner.java:375)
	at org.testng.SuiteRunner.privateRun(SuiteRunner.java:340)
	at org.testng.SuiteRunner.run(SuiteRunner.java:289)
	at org.testng.SuiteRunnerWorker.runSuite(SuiteRunnerWorker.java:52)
	at org.testng.SuiteRunnerWorker.run(SuiteRunnerWorker.java:86)
	at org.testng.TestNG.runSuitesSequentially(TestNG.java:1301)
	at org.testng.TestNG.runSuitesLocally(TestNG.java:1226)
	at org.testng.TestNG.runSuites(TestNG.java:1144)
	at org.testng.TestNG.run(TestNG.java:1115)
	at org.testng.remote.AbstractRemoteTestNG.run(AbstractRemoteTestNG.java:114)
	at org.testng.remote.RemoteTestNG.initAndRun(RemoteTestNG.java:251)
	at org.testng.remote.RemoteTestNG.main(RemoteTestNG.java:77)
]]>
            </full-stacktrace>
          </exception> <!-- org.openqa.selenium.NoSuchElementException -->
          <reporter-output>
            <line>
              <![CDATA[<br><img src=C:\seleniumProject\ecommerceheight-'400' width-'400'/><br>]]>
            </line>
          </reporter-output>
        </test-method> <!-- AccountCreationTest -->
        <test-method status="PASS" signature="setResults(org.testng.ITestResult)[pri:0, instance:TestCaseTests.TestCases@53b32d7]" name="setResults" is-config="true" duration-ms="967" started-at="2018-10-07T14:46:22Z" finished-at="2018-10-07T14:46:23Z">
          <params>
            <param index="0">
              <value>
                <![CDATA[[TestResult name=AccountCreationTest status=FAILURE method=TestCases.AccountCreationTest(java.lang.String, java.lang.String, java.lang.String, java.lang.String, java.lang.String, java.lang.String)[pri:5, instance:TestCaseTests.TestCases@53b32d7] output=<br><img src=C:\seleniumProject\ecommerceheight-'400' width-'400'/><br>]]]>
              </value>
            </param>
          </params>
          <reporter-output>
          </reporter-output>
        </test-method> <!-- setResults -->
        <test-method status="PASS" signature="setUp()[pri:0, instance:TestCaseTests.TestCases@53b32d7]" name="setUp" is-config="true" duration-ms="7530" started-at="2018-10-07T14:46:23Z" finished-at="2018-10-07T14:46:31Z">
          <reporter-output>
          </reporter-output>
        </test-method> <!-- setUp -->
        <test-method status="PASS" signature="PurchaseProduct()[pri:6, instance:TestCaseTests.TestCases@53b32d7]" name="PurchaseProduct" duration-ms="9716" started-at="2018-10-07T14:46:31Z" finished-at="2018-10-07T14:46:41Z">
          <reporter-output>
          </reporter-output>
        </test-method> <!-- PurchaseProduct -->
        <test-method status="PASS" signature="setResults(org.testng.ITestResult)[pri:0, instance:TestCaseTests.TestCases@53b32d7]" name="setResults" is-config="true" duration-ms="988" started-at="2018-10-07T14:46:41Z" finished-at="2018-10-07T14:46:42Z">
          <params>
            <param index="0">
              <value>
                <![CDATA[[TestResult name=PurchaseProduct status=SUCCESS method=TestCases.PurchaseProduct()[pri:6, instance:TestCaseTests.TestCases@53b32d7] output={null}]]]>
              </value>
            </param>
          </params>
          <reporter-output>
          </reporter-output>
        </test-method> <!-- setResults -->
        <test-method status="PASS" signature="setUp()[pri:0, instance:TestCaseTests.TestCases@53b32d7]" name="setUp" is-config="true" duration-ms="7484" started-at="2018-10-07T14:46:42Z" finished-at="2018-10-07T14:46:49Z">
          <reporter-output>
          </reporter-output>
        </test-method> <!-- setUp -->
        <test-method status="PASS" signature="PDFFile()[pri:7, instance:TestCaseTests.TestCases@53b32d7]" name="PDFFile" duration-ms="9055" started-at="2018-10-07T14:46:49Z" finished-at="2018-10-07T14:46:58Z">
          <reporter-output>
            <line>
              <![CDATA[<br><img src=C:\seleniumProject\ecommerceheight-'400' width-'400'/><br>]]>
            </line>
            <line>
              <![CDATA[<br><img src=C:\seleniumProject\ecommerceheight-'400' width-'400'/><br>]]>
            </line>
          </reporter-output>
        </test-method> <!-- PDFFile -->
        <test-method status="PASS" signature="setResults(org.testng.ITestResult)[pri:0, instance:TestCaseTests.TestCases@53b32d7]" name="setResults" is-config="true" duration-ms="1000" started-at="2018-10-07T14:46:58Z" finished-at="2018-10-07T14:46:59Z">
          <params>
            <param index="0">
              <value>
                <![CDATA[[TestResult name=PDFFile status=SUCCESS method=TestCases.PDFFile()[pri:7, instance:TestCaseTests.TestCases@53b32d7] output=<br><img src=C:\seleniumProject\ecommerceheight-'400' width-'400'/><br>]]]>
              </value>
            </param>
          </params>
          <reporter-output>
          </reporter-output>
        </test-method> <!-- setResults -->
        <test-method status="PASS" signature="setUp()[pri:0, instance:TestCaseTests.TestCases@53b32d7]" name="setUp" is-config="true" duration-ms="7507" started-at="2018-10-07T14:46:59Z" finished-at="2018-10-07T14:47:07Z">
          <reporter-output>
          </reporter-output>
        </test-method> <!-- setUp -->
        <test-method status="PASS" signature="ReOrder()[pri:8, instance:TestCaseTests.TestCases@53b32d7]" name="ReOrder" duration-ms="6839" started-at="2018-10-07T14:47:07Z" finished-at="2018-10-07T14:47:14Z">
          <reporter-output>
          </reporter-output>
        </test-method> <!-- ReOrder -->
        <test-method status="PASS" signature="setResults(org.testng.ITestResult)[pri:0, instance:TestCaseTests.TestCases@53b32d7]" name="setResults" is-config="true" duration-ms="972" started-at="2018-10-07T14:47:14Z" finished-at="2018-10-07T14:47:15Z">
          <params>
            <param index="0">
              <value>
                <![CDATA[[TestResult name=ReOrder status=SUCCESS method=TestCases.ReOrder()[pri:8, instance:TestCaseTests.TestCases@53b32d7] output={null}]]]>
              </value>
            </param>
          </params>
          <reporter-output>
          </reporter-output>
        </test-method> <!-- setResults -->
        <test-method status="PASS" signature="setUp()[pri:0, instance:TestCaseTests.TestCases@53b32d7]" name="setUp" is-config="true" duration-ms="7529" started-at="2018-10-07T14:47:15Z" finished-at="2018-10-07T14:47:22Z">
          <reporter-output>
          </reporter-output>
        </test-method> <!-- setUp -->
        <test-method status="PASS" signature="VerifyGrandTotalDiscountCoupon()[pri:9, instance:TestCaseTests.TestCases@53b32d7]" name="VerifyGrandTotalDiscountCoupon" duration-ms="1902" started-at="2018-10-07T14:47:22Z" finished-at="2018-10-07T14:47:24Z">
          <reporter-output>
          </reporter-output>
        </test-method> <!-- VerifyGrandTotalDiscountCoupon -->
        <test-method status="PASS" signature="setResults(org.testng.ITestResult)[pri:0, instance:TestCaseTests.TestCases@53b32d7]" name="setResults" is-config="true" duration-ms="1096" started-at="2018-10-07T14:47:24Z" finished-at="2018-10-07T14:47:25Z">
          <params>
            <param index="0">
              <value>
                <![CDATA[[TestResult name=VerifyGrandTotalDiscountCoupon status=SUCCESS method=TestCases.VerifyGrandTotalDiscountCoupon()[pri:9, instance:TestCaseTests.TestCases@53b32d7] output={null}]]]>
              </value>
            </param>
          </params>
          <reporter-output>
          </reporter-output>
        </test-method> <!-- setResults -->
      </class> <!-- TestCaseTests.TestCases -->
    </test> <!-- TestCases -->
    <test name="BackendTestCasess" duration-ms="66985" started-at="2018-10-07T19:47:25Z" finished-at="2018-10-07T19:48:32Z">
      <class name="TestCaseTests.BackendTestCases">
        <test-method status="PASS" signature="setExtent()[pri:0, instance:TestCaseTests.BackendTestCases@7085bdee]" name="setExtent" is-config="true" duration-ms="260" started-at="2018-10-07T14:43:26Z" finished-at="2018-10-07T14:43:26Z">
          <reporter-output>
          </reporter-output>
        </test-method> <!-- setExtent -->
        <test-method status="PASS" signature="setUp()[pri:0, instance:TestCaseTests.BackendTestCases@7085bdee]" name="setUp" is-config="true" duration-ms="6890" started-at="2018-10-07T14:47:25Z" finished-at="2018-10-07T14:47:32Z">
          <reporter-output>
          </reporter-output>
        </test-method> <!-- setUp -->
        <test-method status="PASS" signature="Email_Report()[pri:10, instance:TestCaseTests.BackendTestCases@7085bdee]" name="Email_Report" duration-ms="9187" started-at="2018-10-07T14:47:32Z" finished-at="2018-10-07T14:47:41Z">
          <reporter-output>
          </reporter-output>
        </test-method> <!-- Email_Report -->
        <test-method status="PASS" signature="setResults(org.testng.ITestResult)[pri:0, instance:TestCaseTests.BackendTestCases@7085bdee]" name="setResults" is-config="true" duration-ms="1181" started-at="2018-10-07T14:47:41Z" finished-at="2018-10-07T14:47:42Z">
          <params>
            <param index="0">
              <value>
                <![CDATA[[TestResult name=Email_Report status=SUCCESS method=BackendTestCases.Email_Report()[pri:10, instance:TestCaseTests.BackendTestCases@7085bdee] output={null}]]]>
              </value>
            </param>
          </params>
          <reporter-output>
          </reporter-output>
        </test-method> <!-- setResults -->
        <test-method status="PASS" signature="setUp()[pri:0, instance:TestCaseTests.BackendTestCases@7085bdee]" name="setUp" is-config="true" duration-ms="7290" started-at="2018-10-07T14:47:42Z" finished-at="2018-10-07T14:47:50Z">
          <reporter-output>
          </reporter-output>
        </test-method> <!-- setUp -->
        <test-method status="PASS" signature="Print_Invoices()[pri:11, instance:TestCaseTests.BackendTestCases@7085bdee]" name="Print_Invoices" duration-ms="10252" started-at="2018-10-07T14:47:50Z" finished-at="2018-10-07T14:48:00Z">
          <reporter-output>
          </reporter-output>
        </test-method> <!-- Print_Invoices -->
        <test-method status="PASS" signature="setResults(org.testng.ITestResult)[pri:0, instance:TestCaseTests.BackendTestCases@7085bdee]" name="setResults" is-config="true" duration-ms="1083" started-at="2018-10-07T14:48:00Z" finished-at="2018-10-07T14:48:01Z">
          <params>
            <param index="0">
              <value>
                <![CDATA[[TestResult name=Print_Invoices status=SUCCESS method=BackendTestCases.Print_Invoices()[pri:11, instance:TestCaseTests.BackendTestCases@7085bdee] output={null}]]]>
              </value>
            </param>
          </params>
          <reporter-output>
          </reporter-output>
        </test-method> <!-- setResults -->
        <test-method status="PASS" signature="setUp()[pri:0, instance:TestCaseTests.BackendTestCases@7085bdee]" name="setUp" is-config="true" duration-ms="7417" started-at="2018-10-07T14:48:01Z" finished-at="2018-10-07T14:48:08Z">
          <reporter-output>
          </reporter-output>
        </test-method> <!-- setUp -->
        <test-method status="PASS" signature="Sort_Functionality()[pri:13, instance:TestCaseTests.BackendTestCases@7085bdee]" name="Sort_Functionality" duration-ms="2241" started-at="2018-10-07T14:48:08Z" finished-at="2018-10-07T14:48:11Z">
          <reporter-output>
            <line>
              <![CDATA[<br><img src=C:\seleniumProject\ecommerceheight-'400' width-'400'/><br>]]>
            </line>
            <line>
              <![CDATA[<br><img src=C:\seleniumProject\ecommerceheight-'400' width-'400'/><br>]]>
            </line>
          </reporter-output>
        </test-method> <!-- Sort_Functionality -->
        <test-method status="PASS" signature="setResults(org.testng.ITestResult)[pri:0, instance:TestCaseTests.BackendTestCases@7085bdee]" name="setResults" is-config="true" duration-ms="875" started-at="2018-10-07T14:48:11Z" finished-at="2018-10-07T14:48:12Z">
          <params>
            <param index="0">
              <value>
                <![CDATA[[TestResult name=Sort_Functionality status=SUCCESS method=BackendTestCases.Sort_Functionality()[pri:13, instance:TestCaseTests.BackendTestCases@7085bdee] output=<br><img src=C:\seleniumProject\ecommerceheight-'400' width-'400'/><br>]]]>
              </value>
            </param>
          </params>
          <reporter-output>
          </reporter-output>
        </test-method> <!-- setResults -->
        <test-method status="PASS" signature="setUp()[pri:0, instance:TestCaseTests.BackendTestCases@7085bdee]" name="setUp" is-config="true" duration-ms="7246" started-at="2018-10-07T14:48:12Z" finished-at="2018-10-07T14:48:19Z">
          <reporter-output>
          </reporter-output>
        </test-method> <!-- setUp -->
        <test-method status="SKIP" signature="Verify_DisabledFields()[pri:15, instance:TestCaseTests.BackendTestCases@7085bdee]" name="Verify_DisabledFields" duration-ms="1502" started-at="2018-10-07T14:48:19Z" finished-at="2018-10-07T14:48:20Z">
          <exception class="org.openqa.selenium.ElementNotInteractableException">
            <message>
              <![CDATA[Element <span> could not be scrolled into view
Build info: version: '3.14.0', revision: 'aacccce0', time: '2018-08-02T20:19:58.91Z'
System info: host: 'DESKTOP-3ND57S0', ip: '192.168.1.193', os.name: 'Windows 10', os.arch: 'amd64', os.version: '10.0', java.version: '1.8.0_181'
Driver info: org.openqa.selenium.firefox.FirefoxDriver
Capabilities {acceptInsecureCerts: true, browserName: firefox, browserVersion: 62.0.3, javascriptEnabled: true, moz:accessibilityChecks: false, moz:headless: false, moz:processID: 7688, moz:profile: C:\Users\Murali\AppData\Loc..., moz:useNonSpecCompliantPointerOrigin: false, moz:webdriverClick: true, pageLoadStrategy: normal, platform: XP, platformName: XP, platformVersion: 10.0, rotatable: false, timeouts: {implicit: 0, pageLoad: 300000, script: 30000}}
Session ID: bb7055bc-9da1-48b0-828a-22352a2fceef]]>
            </message>
            <full-stacktrace>
              <![CDATA[org.openqa.selenium.ElementNotInteractableException: Element <span> could not be scrolled into view
Build info: version: '3.14.0', revision: 'aacccce0', time: '2018-08-02T20:19:58.91Z'
System info: host: 'DESKTOP-3ND57S0', ip: '192.168.1.193', os.name: 'Windows 10', os.arch: 'amd64', os.version: '10.0', java.version: '1.8.0_181'
Driver info: org.openqa.selenium.firefox.FirefoxDriver
Capabilities {acceptInsecureCerts: true, browserName: firefox, browserVersion: 62.0.3, javascriptEnabled: true, moz:accessibilityChecks: false, moz:headless: false, moz:processID: 7688, moz:profile: C:\Users\Murali\AppData\Loc..., moz:useNonSpecCompliantPointerOrigin: false, moz:webdriverClick: true, pageLoadStrategy: normal, platform: XP, platformName: XP, platformVersion: 10.0, rotatable: false, timeouts: {implicit: 0, pageLoad: 300000, script: 30000}}
Session ID: bb7055bc-9da1-48b0-828a-22352a2fceef
	at sun.reflect.NativeConstructorAccessorImpl.newInstance0(Native Method)
	at sun.reflect.NativeConstructorAccessorImpl.newInstance(Unknown Source)
	at sun.reflect.DelegatingConstructorAccessorImpl.newInstance(Unknown Source)
	at java.lang.reflect.Constructor.newInstance(Unknown Source)
	at org.openqa.selenium.remote.http.W3CHttpResponseCodec.createException(W3CHttpResponseCodec.java:187)
	at org.openqa.selenium.remote.http.W3CHttpResponseCodec.decode(W3CHttpResponseCodec.java:122)
	at org.openqa.selenium.remote.http.W3CHttpResponseCodec.decode(W3CHttpResponseCodec.java:49)
	at org.openqa.selenium.remote.HttpCommandExecutor.execute(HttpCommandExecutor.java:158)
	at org.openqa.selenium.remote.service.DriverCommandExecutor.execute(DriverCommandExecutor.java:83)
	at org.openqa.selenium.remote.RemoteWebDriver.execute(RemoteWebDriver.java:548)
	at org.openqa.selenium.remote.RemoteWebElement.execute(RemoteWebElement.java:276)
	at org.openqa.selenium.remote.RemoteWebElement.click(RemoteWebElement.java:83)
	at sun.reflect.GeneratedMethodAccessor1.invoke(Unknown Source)
	at sun.reflect.DelegatingMethodAccessorImpl.invoke(Unknown Source)
	at java.lang.reflect.Method.invoke(Unknown Source)
	at org.openqa.selenium.support.events.EventFiringWebDriver$EventFiringWebElement.lambda$new$0(EventFiringWebDriver.java:403)
	at com.sun.proxy.$Proxy15.click(Unknown Source)
	at org.openqa.selenium.support.events.EventFiringWebDriver$EventFiringWebElement.click(EventFiringWebDriver.java:416)
	at webPages.ManageCustomerPage.Perform_Actions_Click_CustomersTab(ManageCustomerPage.java:83)
	at TestCaseTests.BackendTestCases.Verify_DisabledFields(BackendTestCases.java:145)
	at sun.reflect.NativeMethodAccessorImpl.invoke0(Native Method)
	at sun.reflect.NativeMethodAccessorImpl.invoke(Unknown Source)
	at sun.reflect.DelegatingMethodAccessorImpl.invoke(Unknown Source)
	at java.lang.reflect.Method.invoke(Unknown Source)
	at org.testng.internal.MethodInvocationHelper.invokeMethod(MethodInvocationHelper.java:108)
	at org.testng.internal.Invoker.invokeMethod(Invoker.java:661)
	at org.testng.internal.Invoker.invokeTestMethod(Invoker.java:869)
	at org.testng.internal.Invoker.invokeTestMethods(Invoker.java:1193)
	at org.testng.internal.TestMethodWorker.invokeTestMethods(TestMethodWorker.java:126)
	at org.testng.internal.TestMethodWorker.run(TestMethodWorker.java:109)
	at org.testng.TestRunner.privateRun(TestRunner.java:744)
	at org.testng.TestRunner.run(TestRunner.java:602)
	at org.testng.SuiteRunner.runTest(SuiteRunner.java:380)
	at org.testng.SuiteRunner.runSequentially(SuiteRunner.java:375)
	at org.testng.SuiteRunner.privateRun(SuiteRunner.java:340)
	at org.testng.SuiteRunner.run(SuiteRunner.java:289)
	at org.testng.SuiteRunnerWorker.runSuite(SuiteRunnerWorker.java:52)
	at org.testng.SuiteRunnerWorker.run(SuiteRunnerWorker.java:86)
	at org.testng.TestNG.runSuitesSequentially(TestNG.java:1301)
	at org.testng.TestNG.runSuitesLocally(TestNG.java:1226)
	at org.testng.TestNG.runSuites(TestNG.java:1144)
	at org.testng.TestNG.run(TestNG.java:1115)
	at org.testng.remote.AbstractRemoteTestNG.run(AbstractRemoteTestNG.java:114)
	at org.testng.remote.RemoteTestNG.initAndRun(RemoteTestNG.java:251)
	at org.testng.remote.RemoteTestNG.main(RemoteTestNG.java:77)
]]>
            </full-stacktrace>
          </exception> <!-- org.openqa.selenium.ElementNotInteractableException -->
          <reporter-output>
            <line>
              <![CDATA[<br><img src=C:\seleniumProject\ecommerceheight-'400' width-'400'/><br>]]>
            </line>
          </reporter-output>
        </test-method> <!-- Verify_DisabledFields -->
        <test-method status="PASS" signature="setResults(org.testng.ITestResult)[pri:0, instance:TestCaseTests.BackendTestCases@7085bdee]" name="setResults" is-config="true" duration-ms="862" started-at="2018-10-07T14:48:20Z" finished-at="2018-10-07T14:48:21Z">
          <params>
            <param index="0">
              <value>
                <![CDATA[[TestResult name=Verify_DisabledFields status=SKIP method=BackendTestCases.Verify_DisabledFields()[pri:15, instance:TestCaseTests.BackendTestCases@7085bdee] output=<br><img src=C:\seleniumProject\ecommerceheight-'400' width-'400'/><br>]]]>
              </value>
            </param>
          </params>
          <reporter-output>
          </reporter-output>
        </test-method> <!-- setResults -->
        <test-method status="PASS" signature="setUp()[pri:0, instance:TestCaseTests.BackendTestCases@7085bdee]" name="setUp" is-config="true" duration-ms="7305" started-at="2018-10-07T14:48:21Z" finished-at="2018-10-07T14:48:28Z">
          <reporter-output>
          </reporter-output>
        </test-method> <!-- setUp -->
        <test-method status="PASS" signature="Verify_DisabledFields()[pri:15, instance:TestCaseTests.BackendTestCases@7085bdee]" name="Verify_DisabledFields" duration-ms="2719" started-at="2018-10-07T14:48:28Z" finished-at="2018-10-07T14:48:31Z">
          <reporter-output>
          </reporter-output>
        </test-method> <!-- Verify_DisabledFields -->
        <test-method status="PASS" signature="setResults(org.testng.ITestResult)[pri:0, instance:TestCaseTests.BackendTestCases@7085bdee]" name="setResults" is-config="true" duration-ms="923" started-at="2018-10-07T14:48:31Z" finished-at="2018-10-07T14:48:32Z">
          <params>
            <param index="0">
              <value>
                <![CDATA[[TestResult name=Verify_DisabledFields status=SUCCESS method=BackendTestCases.Verify_DisabledFields()[pri:15, instance:TestCaseTests.BackendTestCases@7085bdee] output={null}]]]>
              </value>
            </param>
          </params>
          <reporter-output>
          </reporter-output>
        </test-method> <!-- setResults -->
        <test-method status="PASS" signature="endReport()[pri:0, instance:TestCaseTests.BackendTestCases@7085bdee]" name="endReport" is-config="true" duration-ms="494" started-at="2018-10-07T14:48:32Z" finished-at="2018-10-07T14:48:33Z">
          <reporter-output>
          </reporter-output>
        </test-method> <!-- endReport -->
      </class> <!-- TestCaseTests.BackendTestCases -->
    </test> <!-- BackendTestCasess -->
  </suite> <!-- Test Automation Test Suite -->
</testng-results>
